[0.636s] Invoking command in '/home/rockey/ros2_ws/src/movement_detect': PYTHONPATH=/home/rockey/ros2_ws/install/movement_detect/lib/python3.8/site-packages:${PYTHONPATH} /usr/bin/python3 setup.py egg_info --egg-base ../../build/movement_detect build --build-base /home/rockey/ros2_ws/build/movement_detect/build install --prefix /home/rockey/ros2_ws/install/movement_detect --record /home/rockey/ros2_ws/build/movement_detect/install.log --single-version-externally-managed
[0.952s] running egg_info
[0.953s] writing ../../build/movement_detect/movement_detect.egg-info/PKG-INFO
[0.954s] writing dependency_links to ../../build/movement_detect/movement_detect.egg-info/dependency_links.txt
[0.954s] writing entry points to ../../build/movement_detect/movement_detect.egg-info/entry_points.txt
[0.954s] writing requirements to ../../build/movement_detect/movement_detect.egg-info/requires.txt
[0.954s] writing top-level names to ../../build/movement_detect/movement_detect.egg-info/top_level.txt
[1.002s] reading manifest file '../../build/movement_detect/movement_detect.egg-info/SOURCES.txt'
[1.003s] writing manifest file '../../build/movement_detect/movement_detect.egg-info/SOURCES.txt'
[1.003s] running build
[1.003s] running build_py
[1.004s] running install
[1.005s] running install_lib
[1.006s] running install_data
[1.007s] running install_egg_info
[1.010s] removing '/home/rockey/ros2_ws/install/movement_detect/lib/python3.8/site-packages/movement_detect-0.0.0-py3.8.egg-info' (and everything under it)
[1.010s] Copying ../../build/movement_detect/movement_detect.egg-info to /home/rockey/ros2_ws/install/movement_detect/lib/python3.8/site-packages/movement_detect-0.0.0-py3.8.egg-info
[1.011s] running install_scripts
[1.036s] Installing movement_detector_mpo script to /home/rockey/ros2_ws/install/movement_detect/lib/movement_detect
[1.036s] writing list of installed files to '/home/rockey/ros2_ws/build/movement_detect/install.log'
[1.069s] Invoked command in '/home/rockey/ros2_ws/src/movement_detect' returned '0': PYTHONPATH=/home/rockey/ros2_ws/install/movement_detect/lib/python3.8/site-packages:${PYTHONPATH} /usr/bin/python3 setup.py egg_info --egg-base ../../build/movement_detect build --build-base /home/rockey/ros2_ws/build/movement_detect/build install --prefix /home/rockey/ros2_ws/install/movement_detect --record /home/rockey/ros2_ws/build/movement_detect/install.log --single-version-externally-managed
