[0.343s] Invoking command in '/home/rockey/ros2_ws/src/py_topic': PYTHONPATH=/home/rockey/ros2_ws/install/py_topic/lib/python3.8/site-packages:${PYTHONPATH} /usr/bin/python3 setup.py egg_info --egg-base ../../build/py_topic build --build-base /home/rockey/ros2_ws/build/py_topic/build install --prefix /home/rockey/ros2_ws/install/py_topic --record /home/rockey/ros2_ws/build/py_topic/install.log --single-version-externally-managed
[0.622s] running egg_info
[0.623s] writing ../../build/py_topic/py_topic.egg-info/PKG-INFO
[0.623s] writing dependency_links to ../../build/py_topic/py_topic.egg-info/dependency_links.txt
[0.624s] writing entry points to ../../build/py_topic/py_topic.egg-info/entry_points.txt
[0.624s] writing requirements to ../../build/py_topic/py_topic.egg-info/requires.txt
[0.624s] writing top-level names to ../../build/py_topic/py_topic.egg-info/top_level.txt
[0.681s] reading manifest file '../../build/py_topic/py_topic.egg-info/SOURCES.txt'
[0.682s] writing manifest file '../../build/py_topic/py_topic.egg-info/SOURCES.txt'
[0.683s] running build
[0.683s] running build_py
[0.683s] copying py_topic/py_sub_spiral.py -> /home/rockey/ros2_ws/build/py_topic/build/lib/py_topic
[0.683s] running install
[0.685s] running install_lib
[0.687s] copying /home/rockey/ros2_ws/build/py_topic/build/lib/py_topic/py_sub_spiral.py -> /home/rockey/ros2_ws/install/py_topic/lib/python3.8/site-packages/py_topic
[0.689s] byte-compiling /home/rockey/ros2_ws/install/py_topic/lib/python3.8/site-packages/py_topic/py_sub_spiral.py to py_sub_spiral.cpython-38.pyc
[0.691s]   File "/home/rockey/ros2_ws/install/py_topic/lib/python3.8/site-packages/py_topic/py_sub_spiral.py", line 41
[0.691s]     def__init__(self):
[0.691s]                      ^
[0.692s] SyntaxError: invalid syntax
[0.692s] 
[0.692s] running install_data
[0.693s] running install_egg_info
[0.696s] removing '/home/rockey/ros2_ws/install/py_topic/lib/python3.8/site-packages/py_topic-0.0.0-py3.8.egg-info' (and everything under it)
[0.696s] Copying ../../build/py_topic/py_topic.egg-info to /home/rockey/ros2_ws/install/py_topic/lib/python3.8/site-packages/py_topic-0.0.0-py3.8.egg-info
[0.698s] running install_scripts
[0.723s] Installing py_pub_spiral script to /home/rockey/ros2_ws/install/py_topic/lib/py_topic
[0.724s] Installing py_sub_spiral script to /home/rockey/ros2_ws/install/py_topic/lib/py_topic
[0.724s] writing list of installed files to '/home/rockey/ros2_ws/build/py_topic/install.log'
[0.755s] Invoked command in '/home/rockey/ros2_ws/src/py_topic' returned '0': PYTHONPATH=/home/rockey/ros2_ws/install/py_topic/lib/python3.8/site-packages:${PYTHONPATH} /usr/bin/python3 setup.py egg_info --egg-base ../../build/py_topic build --build-base /home/rockey/ros2_ws/build/py_topic/build install --prefix /home/rockey/ros2_ws/install/py_topic --record /home/rockey/ros2_ws/build/py_topic/install.log --single-version-externally-managed
