[0.377s] DEBUG:colcon:Command line arguments: ['/usr/bin/colcon', 'build']
[0.377s] DEBUG:colcon:Parsed command line arguments: Namespace(ament_cmake_args=None, base_paths=['.'], build_base='build', catkin_cmake_args=None, catkin_skip_building_tests=False, cmake_args=None, cmake_clean_cache=False, cmake_clean_first=False, cmake_force_configure=False, cmake_target=None, cmake_target_skip_unavailable=False, continue_on_error=False, event_handlers=None, executor='parallel', ignore_user_meta=False, install_base='install', log_base=None, log_level=None, main=<bound method BuildVerb.main of <colcon_core.verb.build.BuildVerb object at 0x7f807e2d57f0>>, merge_install=False, metas=['./colcon.meta'], packages_above=None, packages_above_and_dependencies=None, packages_above_depth=None, packages_end=None, packages_ignore=None, packages_ignore_regex=None, packages_select=None, packages_select_build_failed=False, packages_select_by_dep=None, packages_select_regex=None, packages_select_test_failures=False, packages_skip=None, packages_skip_build_finished=False, packages_skip_by_dep=None, packages_skip_regex=None, packages_skip_test_passed=False, packages_skip_up_to=None, packages_start=None, packages_up_to=None, packages_up_to_regex=None, parallel_workers=4, paths=None, symlink_install=False, test_result_base=None, verb_extension=<colcon_core.verb.build.BuildVerb object at 0x7f807e2d57f0>, verb_name='build', verb_parser=<colcon_defaults.argument_parser.defaults.DefaultArgumentsDecorator object at 0x7f807e2e14f0>)
[0.384s] Level 1:colcon.colcon_core.package_discovery:discover_packages(colcon_meta) check parameters
[0.384s] Level 1:colcon.colcon_core.package_discovery:discover_packages(recursive) check parameters
[0.384s] Level 1:colcon.colcon_core.package_discovery:discover_packages(ignore) check parameters
[0.384s] Level 1:colcon.colcon_core.package_discovery:discover_packages(path) check parameters
[0.384s] Level 1:colcon.colcon_core.package_discovery:discover_packages(colcon_meta) discover
[0.384s] Level 1:colcon.colcon_core.package_discovery:discover_packages(recursive) discover
[0.384s] INFO:colcon.colcon_core.package_discovery:Crawling recursively for packages in '/home/rockey/ros2_ws'
[0.384s] Level 1:colcon.colcon_core.package_identification:_identify(.) by extensions ['ignore', 'ignore_ament_install']
[0.384s] Level 1:colcon.colcon_core.package_identification:_identify(.) by extension 'ignore'
[0.384s] Level 1:colcon.colcon_core.package_identification:_identify(.) by extension 'ignore_ament_install'
[0.384s] Level 1:colcon.colcon_core.package_identification:_identify(.) by extensions ['colcon_pkg']
[0.384s] Level 1:colcon.colcon_core.package_identification:_identify(.) by extension 'colcon_pkg'
[0.385s] Level 1:colcon.colcon_core.package_identification:_identify(.) by extensions ['colcon_meta']
[0.385s] Level 1:colcon.colcon_core.package_identification:_identify(.) by extension 'colcon_meta'
[0.385s] Level 1:colcon.colcon_core.package_identification:_identify(.) by extensions ['ros']
[0.385s] Level 1:colcon.colcon_core.package_identification:_identify(.) by extension 'ros'
[0.398s] Level 1:colcon.colcon_core.package_identification:_identify(.) by extensions ['cmake', 'python']
[0.399s] Level 1:colcon.colcon_core.package_identification:_identify(.) by extension 'cmake'
[0.399s] Level 1:colcon.colcon_core.package_identification:_identify(.) by extension 'python'
[0.399s] Level 1:colcon.colcon_core.package_identification:_identify(.) by extensions ['python_setup_py']
[0.399s] Level 1:colcon.colcon_core.package_identification:_identify(.) by extension 'python_setup_py'
[0.399s] Level 1:colcon.colcon_core.package_identification:_identify(build) by extensions ['ignore', 'ignore_ament_install']
[0.399s] Level 1:colcon.colcon_core.package_identification:_identify(build) by extension 'ignore'
[0.399s] Level 1:colcon.colcon_core.package_identification:_identify(build) ignored
[0.399s] Level 1:colcon.colcon_core.package_identification:_identify(install) by extensions ['ignore', 'ignore_ament_install']
[0.399s] Level 1:colcon.colcon_core.package_identification:_identify(install) by extension 'ignore'
[0.399s] Level 1:colcon.colcon_core.package_identification:_identify(install) ignored
[0.400s] Level 1:colcon.colcon_core.package_identification:_identify(log) by extensions ['ignore', 'ignore_ament_install']
[0.400s] Level 1:colcon.colcon_core.package_identification:_identify(log) by extension 'ignore'
[0.400s] Level 1:colcon.colcon_core.package_identification:_identify(log) ignored
[0.400s] Level 1:colcon.colcon_core.package_identification:_identify(src) by extensions ['ignore', 'ignore_ament_install']
[0.400s] Level 1:colcon.colcon_core.package_identification:_identify(src) by extension 'ignore'
[0.400s] Level 1:colcon.colcon_core.package_identification:_identify(src) by extension 'ignore_ament_install'
[0.400s] Level 1:colcon.colcon_core.package_identification:_identify(src) by extensions ['colcon_pkg']
[0.400s] Level 1:colcon.colcon_core.package_identification:_identify(src) by extension 'colcon_pkg'
[0.400s] Level 1:colcon.colcon_core.package_identification:_identify(src) by extensions ['colcon_meta']
[0.400s] Level 1:colcon.colcon_core.package_identification:_identify(src) by extension 'colcon_meta'
[0.400s] Level 1:colcon.colcon_core.package_identification:_identify(src) by extensions ['ros']
[0.400s] Level 1:colcon.colcon_core.package_identification:_identify(src) by extension 'ros'
[0.400s] Level 1:colcon.colcon_core.package_identification:_identify(src) by extensions ['cmake', 'python']
[0.400s] Level 1:colcon.colcon_core.package_identification:_identify(src) by extension 'cmake'
[0.401s] Level 1:colcon.colcon_core.package_identification:_identify(src) by extension 'python'
[0.401s] Level 1:colcon.colcon_core.package_identification:_identify(src) by extensions ['python_setup_py']
[0.401s] Level 1:colcon.colcon_core.package_identification:_identify(src) by extension 'python_setup_py'
[0.401s] Level 1:colcon.colcon_core.package_identification:_identify(src/movement_detect) by extensions ['ignore', 'ignore_ament_install']
[0.401s] Level 1:colcon.colcon_core.package_identification:_identify(src/movement_detect) by extension 'ignore'
[0.401s] Level 1:colcon.colcon_core.package_identification:_identify(src/movement_detect) by extension 'ignore_ament_install'
[0.401s] Level 1:colcon.colcon_core.package_identification:_identify(src/movement_detect) by extensions ['colcon_pkg']
[0.401s] Level 1:colcon.colcon_core.package_identification:_identify(src/movement_detect) by extension 'colcon_pkg'
[0.401s] Level 1:colcon.colcon_core.package_identification:_identify(src/movement_detect) by extensions ['colcon_meta']
[0.401s] Level 1:colcon.colcon_core.package_identification:_identify(src/movement_detect) by extension 'colcon_meta'
[0.401s] Level 1:colcon.colcon_core.package_identification:_identify(src/movement_detect) by extensions ['ros']
[0.401s] Level 1:colcon.colcon_core.package_identification:_identify(src/movement_detect) by extension 'ros'
[0.405s] DEBUG:colcon.colcon_core.package_identification:Package 'src/movement_detect' with type 'ros.ament_python' and name 'movement_detect'
[0.406s] Level 1:colcon.colcon_core.package_identification:_identify(src/py_topic) by extensions ['ignore', 'ignore_ament_install']
[0.406s] Level 1:colcon.colcon_core.package_identification:_identify(src/py_topic) by extension 'ignore'
[0.406s] Level 1:colcon.colcon_core.package_identification:_identify(src/py_topic) by extension 'ignore_ament_install'
[0.406s] Level 1:colcon.colcon_core.package_identification:_identify(src/py_topic) by extensions ['colcon_pkg']
[0.406s] Level 1:colcon.colcon_core.package_identification:_identify(src/py_topic) by extension 'colcon_pkg'
[0.406s] Level 1:colcon.colcon_core.package_identification:_identify(src/py_topic) by extensions ['colcon_meta']
[0.406s] Level 1:colcon.colcon_core.package_identification:_identify(src/py_topic) by extension 'colcon_meta'
[0.406s] Level 1:colcon.colcon_core.package_identification:_identify(src/py_topic) by extensions ['ros']
[0.406s] Level 1:colcon.colcon_core.package_identification:_identify(src/py_topic) by extension 'ros'
[0.407s] DEBUG:colcon.colcon_core.package_identification:Package 'src/py_topic' with type 'ros.ament_python' and name 'py_topic'
[0.407s] Level 1:colcon.colcon_core.package_discovery:discover_packages(recursive) using defaults
[0.407s] Level 1:colcon.colcon_core.package_discovery:discover_packages(ignore) discover
[0.407s] Level 1:colcon.colcon_core.package_discovery:discover_packages(ignore) using defaults
[0.407s] Level 1:colcon.colcon_core.package_discovery:discover_packages(path) discover
[0.407s] Level 1:colcon.colcon_core.package_discovery:discover_packages(path) using defaults
[0.431s] Level 5:colcon.colcon_core.verb:set package 'movement_detect' build argument 'cmake_args' from command line to 'None'
[0.431s] Level 5:colcon.colcon_core.verb:set package 'movement_detect' build argument 'cmake_target' from command line to 'None'
[0.431s] Level 5:colcon.colcon_core.verb:set package 'movement_detect' build argument 'cmake_target_skip_unavailable' from command line to 'False'
[0.431s] Level 5:colcon.colcon_core.verb:set package 'movement_detect' build argument 'cmake_clean_cache' from command line to 'False'
[0.431s] Level 5:colcon.colcon_core.verb:set package 'movement_detect' build argument 'cmake_clean_first' from command line to 'False'
[0.432s] Level 5:colcon.colcon_core.verb:set package 'movement_detect' build argument 'cmake_force_configure' from command line to 'False'
[0.432s] Level 5:colcon.colcon_core.verb:set package 'movement_detect' build argument 'ament_cmake_args' from command line to 'None'
[0.432s] Level 5:colcon.colcon_core.verb:set package 'movement_detect' build argument 'catkin_cmake_args' from command line to 'None'
[0.432s] Level 5:colcon.colcon_core.verb:set package 'movement_detect' build argument 'catkin_skip_building_tests' from command line to 'False'
[0.432s] DEBUG:colcon.colcon_core.verb:Building package 'movement_detect' with the following arguments: {'ament_cmake_args': None, 'build_base': '/home/rockey/ros2_ws/build/movement_detect', 'catkin_cmake_args': None, 'catkin_skip_building_tests': False, 'cmake_args': None, 'cmake_clean_cache': False, 'cmake_clean_first': False, 'cmake_force_configure': False, 'cmake_target': None, 'cmake_target_skip_unavailable': False, 'install_base': '/home/rockey/ros2_ws/install/movement_detect', 'merge_install': False, 'path': '/home/rockey/ros2_ws/src/movement_detect', 'symlink_install': False, 'test_result_base': None}
[0.435s] Level 5:colcon.colcon_core.verb:set package 'py_topic' build argument 'cmake_args' from command line to 'None'
[0.435s] Level 5:colcon.colcon_core.verb:set package 'py_topic' build argument 'cmake_target' from command line to 'None'
[0.435s] Level 5:colcon.colcon_core.verb:set package 'py_topic' build argument 'cmake_target_skip_unavailable' from command line to 'False'
[0.435s] Level 5:colcon.colcon_core.verb:set package 'py_topic' build argument 'cmake_clean_cache' from command line to 'False'
[0.435s] Level 5:colcon.colcon_core.verb:set package 'py_topic' build argument 'cmake_clean_first' from command line to 'False'
[0.435s] Level 5:colcon.colcon_core.verb:set package 'py_topic' build argument 'cmake_force_configure' from command line to 'False'
[0.435s] Level 5:colcon.colcon_core.verb:set package 'py_topic' build argument 'ament_cmake_args' from command line to 'None'
[0.435s] Level 5:colcon.colcon_core.verb:set package 'py_topic' build argument 'catkin_cmake_args' from command line to 'None'
[0.435s] Level 5:colcon.colcon_core.verb:set package 'py_topic' build argument 'catkin_skip_building_tests' from command line to 'False'
[0.435s] DEBUG:colcon.colcon_core.verb:Building package 'py_topic' with the following arguments: {'ament_cmake_args': None, 'build_base': '/home/rockey/ros2_ws/build/py_topic', 'catkin_cmake_args': None, 'catkin_skip_building_tests': False, 'cmake_args': None, 'cmake_clean_cache': False, 'cmake_clean_first': False, 'cmake_force_configure': False, 'cmake_target': None, 'cmake_target_skip_unavailable': False, 'install_base': '/home/rockey/ros2_ws/install/py_topic', 'merge_install': False, 'path': '/home/rockey/ros2_ws/src/py_topic', 'symlink_install': False, 'test_result_base': None}
[0.436s] INFO:colcon.colcon_core.executor:Executing jobs using 'parallel' executor
[0.438s] DEBUG:colcon.colcon_parallel_executor.executor.parallel:run_until_complete
[0.438s] INFO:colcon.colcon_ros.task.ament_python.build:Building ROS package in '/home/rockey/ros2_ws/src/movement_detect' with build type 'ament_python'
[0.439s] Level 1:colcon.colcon_core.shell:create_environment_hook('movement_detect', 'ament_prefix_path')
[0.444s] INFO:colcon.colcon_core.plugin_system:Skipping extension 'colcon_core.shell.bat': Not used on non-Windows systems
[0.444s] INFO:colcon.colcon_core.shell:Creating environment hook '/home/rockey/ros2_ws/install/movement_detect/share/movement_detect/hook/ament_prefix_path.ps1'
[0.445s] INFO:colcon.colcon_core.shell:Creating environment descriptor '/home/rockey/ros2_ws/install/movement_detect/share/movement_detect/hook/ament_prefix_path.dsv'
[0.445s] INFO:colcon.colcon_core.shell:Creating environment hook '/home/rockey/ros2_ws/install/movement_detect/share/movement_detect/hook/ament_prefix_path.sh'
[0.446s] INFO:colcon.colcon_core.shell:Skip shell extension 'powershell' for command environment: Not usable outside of PowerShell
[0.446s] DEBUG:colcon.colcon_core.shell:Skip shell extension 'dsv' for command environment
[0.450s] DEBUG:colcon.colcon_core.shell:Ignoring prefix path '/opt/ros/foxy'
[0.454s] INFO:colcon.colcon_ros.task.ament_python.build:Building ROS package in '/home/rockey/ros2_ws/src/py_topic' with build type 'ament_python'
[0.455s] Level 1:colcon.colcon_core.shell:create_environment_hook('py_topic', 'ament_prefix_path')
[0.456s] INFO:colcon.colcon_core.shell:Creating environment hook '/home/rockey/ros2_ws/install/py_topic/share/py_topic/hook/ament_prefix_path.ps1'
[0.457s] INFO:colcon.colcon_core.shell:Creating environment descriptor '/home/rockey/ros2_ws/install/py_topic/share/py_topic/hook/ament_prefix_path.dsv'
[0.458s] INFO:colcon.colcon_core.shell:Creating environment hook '/home/rockey/ros2_ws/install/py_topic/share/py_topic/hook/ament_prefix_path.sh'
[0.459s] INFO:colcon.colcon_core.shell:Skip shell extension 'powershell' for command environment: Not usable outside of PowerShell
[0.459s] DEBUG:colcon.colcon_core.shell:Skip shell extension 'dsv' for command environment
[0.462s] DEBUG:colcon.colcon_core.shell:Ignoring prefix path '/opt/ros/foxy'
[0.771s] INFO:colcon.colcon_core.task.python.build:Building Python package in '/home/rockey/ros2_ws/src/movement_detect'
[0.773s] INFO:colcon.colcon_core.shell:Skip shell extension 'powershell' for command environment: Not usable outside of PowerShell
[0.773s] DEBUG:colcon.colcon_core.shell:Skip shell extension 'dsv' for command environment
[0.776s] DEBUG:colcon.colcon_core.shell:Ignoring prefix path '/opt/ros/foxy'
[1.067s] INFO:colcon.colcon_core.task.python.build:Building Python package in '/home/rockey/ros2_ws/src/py_topic'
[1.069s] INFO:colcon.colcon_core.shell:Skip shell extension 'powershell' for command environment: Not usable outside of PowerShell
[1.069s] DEBUG:colcon.colcon_core.shell:Skip shell extension 'dsv' for command environment
[1.072s] DEBUG:colcon.colcon_core.shell:Ignoring prefix path '/opt/ros/foxy'
[1.080s] DEBUG:colcon.colcon_core.event_handler.log_command:Invoking command in '/home/rockey/ros2_ws/src/movement_detect': PYTHONPATH=/home/rockey/ros2_ws/install/movement_detect/lib/python3.8/site-packages:${PYTHONPATH} /usr/bin/python3 setup.py egg_info --egg-base ../../build/movement_detect build --build-base /home/rockey/ros2_ws/build/movement_detect/build install --prefix /home/rockey/ros2_ws/install/movement_detect --record /home/rockey/ros2_ws/build/movement_detect/install.log --single-version-externally-managed
[1.093s] DEBUG:colcon.colcon_core.event_handler.log_command:Invoking command in '/home/rockey/ros2_ws/src/py_topic': PYTHONPATH=/home/rockey/ros2_ws/install/py_topic/lib/python3.8/site-packages:${PYTHONPATH} /usr/bin/python3 setup.py egg_info --egg-base ../../build/py_topic build --build-base /home/rockey/ros2_ws/build/py_topic/build install --prefix /home/rockey/ros2_ws/install/py_topic --record /home/rockey/ros2_ws/build/py_topic/install.log --single-version-externally-managed
[1.510s] DEBUG:colcon.colcon_core.event_handler.log_command:Invoked command in '/home/rockey/ros2_ws/src/movement_detect' returned '0': PYTHONPATH=/home/rockey/ros2_ws/install/movement_detect/lib/python3.8/site-packages:${PYTHONPATH} /usr/bin/python3 setup.py egg_info --egg-base ../../build/movement_detect build --build-base /home/rockey/ros2_ws/build/movement_detect/build install --prefix /home/rockey/ros2_ws/install/movement_detect --record /home/rockey/ros2_ws/build/movement_detect/install.log --single-version-externally-managed
[1.514s] Level 1:colcon.colcon_core.environment:checking '/home/rockey/ros2_ws/install/movement_detect' for CMake module files
[1.515s] Level 1:colcon.colcon_core.environment:checking '/home/rockey/ros2_ws/install/movement_detect' for CMake config files
[1.516s] Level 1:colcon.colcon_core.environment:checking '/home/rockey/ros2_ws/install/movement_detect/lib'
[1.516s] Level 1:colcon.colcon_core.environment:checking '/home/rockey/ros2_ws/install/movement_detect/bin'
[1.516s] Level 1:colcon.colcon_core.environment:checking '/home/rockey/ros2_ws/install/movement_detect/lib/pkgconfig/movement_detect.pc'
[1.516s] Level 1:colcon.colcon_core.environment:checking '/home/rockey/ros2_ws/install/movement_detect/lib/python3.8/site-packages'
[1.516s] Level 1:colcon.colcon_core.shell:create_environment_hook('movement_detect', 'pythonpath')
[1.517s] INFO:colcon.colcon_core.shell:Creating environment hook '/home/rockey/ros2_ws/install/movement_detect/share/movement_detect/hook/pythonpath.ps1'
[1.518s] INFO:colcon.colcon_core.shell:Creating environment descriptor '/home/rockey/ros2_ws/install/movement_detect/share/movement_detect/hook/pythonpath.dsv'
[1.518s] INFO:colcon.colcon_core.shell:Creating environment hook '/home/rockey/ros2_ws/install/movement_detect/share/movement_detect/hook/pythonpath.sh'
[1.519s] Level 1:colcon.colcon_core.environment:create_environment_scripts_only(movement_detect)
[1.520s] INFO:colcon.colcon_core.shell:Creating package script '/home/rockey/ros2_ws/install/movement_detect/share/movement_detect/package.ps1'
[1.521s] INFO:colcon.colcon_core.shell:Creating package descriptor '/home/rockey/ros2_ws/install/movement_detect/share/movement_detect/package.dsv'
[1.521s] INFO:colcon.colcon_core.shell:Creating package script '/home/rockey/ros2_ws/install/movement_detect/share/movement_detect/package.sh'
[1.522s] INFO:colcon.colcon_core.shell:Creating package script '/home/rockey/ros2_ws/install/movement_detect/share/movement_detect/package.bash'
[1.525s] INFO:colcon.colcon_core.shell:Creating package script '/home/rockey/ros2_ws/install/movement_detect/share/movement_detect/package.zsh'
[1.526s] Level 1:colcon.colcon_core.environment:create_file_with_runtime_dependencies(/home/rockey/ros2_ws/install/movement_detect/share/colcon-core/packages/movement_detect)
[1.529s] Level 1:colcon.colcon_core.environment:checking '/home/rockey/ros2_ws/install/py_topic' for CMake module files
[1.529s] DEBUG:colcon.colcon_core.event_handler.log_command:Invoked command in '/home/rockey/ros2_ws/src/py_topic' returned '0': PYTHONPATH=/home/rockey/ros2_ws/install/py_topic/lib/python3.8/site-packages:${PYTHONPATH} /usr/bin/python3 setup.py egg_info --egg-base ../../build/py_topic build --build-base /home/rockey/ros2_ws/build/py_topic/build install --prefix /home/rockey/ros2_ws/install/py_topic --record /home/rockey/ros2_ws/build/py_topic/install.log --single-version-externally-managed
[1.530s] Level 1:colcon.colcon_core.environment:checking '/home/rockey/ros2_ws/install/py_topic' for CMake config files
[1.530s] Level 1:colcon.colcon_core.environment:checking '/home/rockey/ros2_ws/install/py_topic/lib'
[1.531s] Level 1:colcon.colcon_core.environment:checking '/home/rockey/ros2_ws/install/py_topic/bin'
[1.531s] Level 1:colcon.colcon_core.environment:checking '/home/rockey/ros2_ws/install/py_topic/lib/pkgconfig/py_topic.pc'
[1.531s] Level 1:colcon.colcon_core.environment:checking '/home/rockey/ros2_ws/install/py_topic/lib/python3.8/site-packages'
[1.531s] Level 1:colcon.colcon_core.shell:create_environment_hook('py_topic', 'pythonpath')
[1.532s] INFO:colcon.colcon_core.shell:Creating environment hook '/home/rockey/ros2_ws/install/py_topic/share/py_topic/hook/pythonpath.ps1'
[1.532s] INFO:colcon.colcon_core.shell:Creating environment descriptor '/home/rockey/ros2_ws/install/py_topic/share/py_topic/hook/pythonpath.dsv'
[1.532s] INFO:colcon.colcon_core.shell:Creating environment hook '/home/rockey/ros2_ws/install/py_topic/share/py_topic/hook/pythonpath.sh'
[1.533s] Level 1:colcon.colcon_core.environment:create_environment_scripts_only(py_topic)
[1.534s] INFO:colcon.colcon_core.shell:Creating package script '/home/rockey/ros2_ws/install/py_topic/share/py_topic/package.ps1'
[1.534s] INFO:colcon.colcon_core.shell:Creating package descriptor '/home/rockey/ros2_ws/install/py_topic/share/py_topic/package.dsv'
[1.535s] INFO:colcon.colcon_core.shell:Creating package script '/home/rockey/ros2_ws/install/py_topic/share/py_topic/package.sh'
[1.536s] INFO:colcon.colcon_core.shell:Creating package script '/home/rockey/ros2_ws/install/py_topic/share/py_topic/package.bash'
[1.536s] INFO:colcon.colcon_core.shell:Creating package script '/home/rockey/ros2_ws/install/py_topic/share/py_topic/package.zsh'
[1.536s] Level 1:colcon.colcon_core.environment:create_file_with_runtime_dependencies(/home/rockey/ros2_ws/install/py_topic/share/colcon-core/packages/py_topic)
[1.537s] DEBUG:colcon.colcon_parallel_executor.executor.parallel:closing loop
[1.537s] DEBUG:colcon.colcon_parallel_executor.executor.parallel:loop closed
[1.538s] DEBUG:colcon.colcon_parallel_executor.executor.parallel:run_until_complete finished with '0'
[1.538s] DEBUG:colcon.colcon_core.event_reactor:joining thread
[1.546s] INFO:colcon.colcon_core.plugin_system:Skipping extension 'colcon_notification.desktop_notification.terminal_notifier': Not used on non-Darwin systems
[1.546s] INFO:colcon.colcon_core.plugin_system:Skipping extension 'colcon_notification.desktop_notification.win32': Not used on non-Windows systems
[1.546s] INFO:colcon.colcon_notification.desktop_notification:Sending desktop notification using 'notify2'
[1.569s] DEBUG:colcon.colcon_core.event_reactor:joined thread
[1.571s] INFO:colcon.colcon_core.shell:Creating prefix script '/home/rockey/ros2_ws/install/local_setup.ps1'
[1.573s] INFO:colcon.colcon_core.shell:Creating prefix util module '/home/rockey/ros2_ws/install/_local_setup_util_ps1.py'
[1.575s] INFO:colcon.colcon_core.shell:Creating prefix chain script '/home/rockey/ros2_ws/install/setup.ps1'
[1.578s] INFO:colcon.colcon_core.shell:Creating prefix script '/home/rockey/ros2_ws/install/local_setup.sh'
[1.579s] INFO:colcon.colcon_core.shell:Creating prefix util module '/home/rockey/ros2_ws/install/_local_setup_util_sh.py'
[1.579s] INFO:colcon.colcon_core.shell:Creating prefix chain script '/home/rockey/ros2_ws/install/setup.sh'
[1.585s] INFO:colcon.colcon_core.shell:Creating prefix script '/home/rockey/ros2_ws/install/local_setup.bash'
[1.586s] INFO:colcon.colcon_core.shell:Creating prefix chain script '/home/rockey/ros2_ws/install/setup.bash'
[1.591s] INFO:colcon.colcon_core.shell:Creating prefix script '/home/rockey/ros2_ws/install/local_setup.zsh'
[1.592s] INFO:colcon.colcon_core.shell:Creating prefix chain script '/home/rockey/ros2_ws/install/setup.zsh'
