[2.292s] Invoking command in '/home/rockey/ros2_ws/src/movement_detect': PYTHONPATH=/home/rockey/ros2_ws/install/movement_detect/lib/python3.8/site-packages:${PYTHONPATH} /usr/bin/python3 setup.py egg_info --egg-base ../../build/movement_detect build --build-base /home/rockey/ros2_ws/build/movement_detect/build install --prefix /home/rockey/ros2_ws/install/movement_detect --record /home/rockey/ros2_ws/build/movement_detect/install.log --single-version-externally-managed
[4.286s] running egg_info
[4.288s] writing ../../build/movement_detect/movement_detect.egg-info/PKG-INFO
[4.288s] writing dependency_links to ../../build/movement_detect/movement_detect.egg-info/dependency_links.txt
[4.289s] writing entry points to ../../build/movement_detect/movement_detect.egg-info/entry_points.txt
[4.289s] writing requirements to ../../build/movement_detect/movement_detect.egg-info/requires.txt
[4.289s] writing top-level names to ../../build/movement_detect/movement_detect.egg-info/top_level.txt
[4.461s] reading manifest file '../../build/movement_detect/movement_detect.egg-info/SOURCES.txt'
[4.464s] writing manifest file '../../build/movement_detect/movement_detect.egg-info/SOURCES.txt'
[4.464s] running build
[4.464s] running build_py
[4.464s] copying movement_detect/movement_detector_mpo.py -> /home/rockey/ros2_ws/build/movement_detect/build/lib/movement_detect
[4.465s] running install
[4.467s] running install_lib
[4.481s] copying /home/rockey/ros2_ws/build/movement_detect/build/lib/movement_detect/movement_detector_mpo.py -> /home/rockey/ros2_ws/install/movement_detect/lib/python3.8/site-packages/movement_detect
[4.482s] byte-compiling /home/rockey/ros2_ws/install/movement_detect/lib/python3.8/site-packages/movement_detect/movement_detector_mpo.py to movement_detector_mpo.cpython-38.pyc
[4.482s] running install_data
[4.485s] running install_egg_info
[4.488s] removing '/home/rockey/ros2_ws/install/movement_detect/lib/python3.8/site-packages/movement_detect-0.0.0-py3.8.egg-info' (and everything under it)
[4.489s] Copying ../../build/movement_detect/movement_detect.egg-info to /home/rockey/ros2_ws/install/movement_detect/lib/python3.8/site-packages/movement_detect-0.0.0-py3.8.egg-info
[4.491s] running install_scripts
[4.555s] Installing movement_detector_mpo script to /home/rockey/ros2_ws/install/movement_detect/lib/movement_detect
[4.556s] writing list of installed files to '/home/rockey/ros2_ws/build/movement_detect/install.log'
[4.620s] Invoked command in '/home/rockey/ros2_ws/src/movement_detect' returned '0': PYTHONPATH=/home/rockey/ros2_ws/install/movement_detect/lib/python3.8/site-packages:${PYTHONPATH} /usr/bin/python3 setup.py egg_info --egg-base ../../build/movement_detect build --build-base /home/rockey/ros2_ws/build/movement_detect/build install --prefix /home/rockey/ros2_ws/install/movement_detect --record /home/rockey/ros2_ws/build/movement_detect/install.log --single-version-externally-managed
