[1.468s] Invoking command in '/home/rockey/ros2_ws/src/py_topic': PYTHONPATH=/home/rockey/ros2_ws/install/py_topic/lib/python3.8/site-packages:${PYTHONPATH} /usr/bin/python3 setup.py egg_info --egg-base ../../build/py_topic build --build-base /home/rockey/ros2_ws/build/py_topic/build install --prefix /home/rockey/ros2_ws/install/py_topic --record /home/rockey/ros2_ws/build/py_topic/install.log --single-version-externally-managed
[2.698s] running egg_info
[2.711s] writing ../../build/py_topic/py_topic.egg-info/PKG-INFO
[2.714s] writing dependency_links to ../../build/py_topic/py_topic.egg-info/dependency_links.txt
[2.730s] writing entry points to ../../build/py_topic/py_topic.egg-info/entry_points.txt
[2.742s] writing requirements to ../../build/py_topic/py_topic.egg-info/requires.txt
[2.743s] writing top-level names to ../../build/py_topic/py_topic.egg-info/top_level.txt
[3.665s] reading manifest file '../../build/py_topic/py_topic.egg-info/SOURCES.txt'
[3.679s] writing manifest file '../../build/py_topic/py_topic.egg-info/SOURCES.txt'
[3.681s] running build
[3.682s] running build_py
[3.695s] running install
[3.705s] running install_lib
[3.740s] running install_data
[3.760s] running install_egg_info
[3.805s] removing '/home/rockey/ros2_ws/install/py_topic/lib/python3.8/site-packages/py_topic-0.0.0-py3.8.egg-info' (and everything under it)
[3.806s] Copying ../../build/py_topic/py_topic.egg-info to /home/rockey/ros2_ws/install/py_topic/lib/python3.8/site-packages/py_topic-0.0.0-py3.8.egg-info
[3.822s] running install_scripts
[4.146s] Installing py_pub_spiral script to /home/rockey/ros2_ws/install/py_topic/lib/py_topic
[4.148s] Installing py_sub_spiral script to /home/rockey/ros2_ws/install/py_topic/lib/py_topic
[4.152s] writing list of installed files to '/home/rockey/ros2_ws/build/py_topic/install.log'
[4.400s] Invoked command in '/home/rockey/ros2_ws/src/py_topic' returned '0': PYTHONPATH=/home/rockey/ros2_ws/install/py_topic/lib/python3.8/site-packages:${PYTHONPATH} /usr/bin/python3 setup.py egg_info --egg-base ../../build/py_topic build --build-base /home/rockey/ros2_ws/build/py_topic/build install --prefix /home/rockey/ros2_ws/install/py_topic --record /home/rockey/ros2_ws/build/py_topic/install.log --single-version-externally-managed
