running egg_info
writing ../../build/movement_detect/movement_detect.egg-info/PKG-INFO
writing dependency_links to ../../build/movement_detect/movement_detect.egg-info/dependency_links.txt
writing entry points to ../../build/movement_detect/movement_detect.egg-info/entry_points.txt
writing requirements to ../../build/movement_detect/movement_detect.egg-info/requires.txt
writing top-level names to ../../build/movement_detect/movement_detect.egg-info/top_level.txt
reading manifest file '../../build/movement_detect/movement_detect.egg-info/SOURCES.txt'
writing manifest file '../../build/movement_detect/movement_detect.egg-info/SOURCES.txt'
running build
running build_py
copying movement_detect/movement_detector_mpo.py -> /home/rockey/ros2_ws/build/movement_detect/build/lib/movement_detect
running install
running install_lib
copying /home/rockey/ros2_ws/build/movement_detect/build/lib/movement_detect/movement_detector_mpo.py -> /home/rockey/ros2_ws/install/movement_detect/lib/python3.8/site-packages/movement_detect
byte-compiling /home/rockey/ros2_ws/install/movement_detect/lib/python3.8/site-packages/movement_detect/movement_detector_mpo.py to movement_detector_mpo.cpython-38.pyc
running install_data
running install_egg_info
removing '/home/rockey/ros2_ws/install/movement_detect/lib/python3.8/site-packages/movement_detect-0.0.0-py3.8.egg-info' (and everything under it)
Copying ../../build/movement_detect/movement_detect.egg-info to /home/rockey/ros2_ws/install/movement_detect/lib/python3.8/site-packages/movement_detect-0.0.0-py3.8.egg-info
running install_scripts
Installing movement_detector_mpo script to /home/rockey/ros2_ws/install/movement_detect/lib/movement_detect
writing list of installed files to '/home/rockey/ros2_ws/build/movement_detect/install.log'
