[3.441s] Invoking command in '/home/rockey/ros2_ws/src/movement_detect': PYTHONPATH=/home/rockey/ros2_ws/install/movement_detect/lib/python3.8/site-packages:${PYTHONPATH} /usr/bin/python3 setup.py egg_info --egg-base ../../build/movement_detect build --build-base /home/rockey/ros2_ws/build/movement_detect/build install --prefix /home/rockey/ros2_ws/install/movement_detect --record /home/rockey/ros2_ws/build/movement_detect/install.log --single-version-externally-managed
[4.353s] running egg_info
[4.355s] writing ../../build/movement_detect/movement_detect.egg-info/PKG-INFO
[4.360s] writing dependency_links to ../../build/movement_detect/movement_detect.egg-info/dependency_links.txt
[4.360s] writing entry points to ../../build/movement_detect/movement_detect.egg-info/entry_points.txt
[4.361s] writing requirements to ../../build/movement_detect/movement_detect.egg-info/requires.txt
[4.362s] writing top-level names to ../../build/movement_detect/movement_detect.egg-info/top_level.txt
[4.572s] reading manifest file '../../build/movement_detect/movement_detect.egg-info/SOURCES.txt'
[4.576s] writing manifest file '../../build/movement_detect/movement_detect.egg-info/SOURCES.txt'
[4.578s] running build
[4.578s] running build_py
[4.580s] copying movement_detect/movement_detector_mpo.py -> /home/rockey/ros2_ws/build/movement_detect/build/lib/movement_detect
[4.583s] running install
[4.593s] running install_lib
[4.602s] copying /home/rockey/ros2_ws/build/movement_detect/build/lib/movement_detect/movement_detector_mpo.py -> /home/rockey/ros2_ws/install/movement_detect/lib/python3.8/site-packages/movement_detect
[4.604s] byte-compiling /home/rockey/ros2_ws/install/movement_detect/lib/python3.8/site-packages/movement_detect/movement_detector_mpo.py to movement_detector_mpo.cpython-38.pyc
[4.612s] running install_data
[4.619s] running install_egg_info
[4.622s] removing '/home/rockey/ros2_ws/install/movement_detect/lib/python3.8/site-packages/movement_detect-0.0.0-py3.8.egg-info' (and everything under it)
[4.623s] Copying ../../build/movement_detect/movement_detect.egg-info to /home/rockey/ros2_ws/install/movement_detect/lib/python3.8/site-packages/movement_detect-0.0.0-py3.8.egg-info
[4.625s] running install_scripts
[4.705s] Installing movement_detector_mpo script to /home/rockey/ros2_ws/install/movement_detect/lib/movement_detect
[4.707s] writing list of installed files to '/home/rockey/ros2_ws/build/movement_detect/install.log'
[4.791s] Invoked command in '/home/rockey/ros2_ws/src/movement_detect' returned '0': PYTHONPATH=/home/rockey/ros2_ws/install/movement_detect/lib/python3.8/site-packages:${PYTHONPATH} /usr/bin/python3 setup.py egg_info --egg-base ../../build/movement_detect build --build-base /home/rockey/ros2_ws/build/movement_detect/build install --prefix /home/rockey/ros2_ws/install/movement_detect --record /home/rockey/ros2_ws/build/movement_detect/install.log --single-version-externally-managed
