[0.703s] DEBUG:colcon:Command line arguments: ['/usr/bin/colcon', 'build']
[0.703s] DEBUG:colcon:Parsed command line arguments: Namespace(ament_cmake_args=None, base_paths=['.'], build_base='build', catkin_cmake_args=None, catkin_skip_building_tests=False, cmake_args=None, cmake_clean_cache=False, cmake_clean_first=False, cmake_force_configure=False, cmake_target=None, cmake_target_skip_unavailable=False, continue_on_error=False, event_handlers=None, executor='parallel', ignore_user_meta=False, install_base='install', log_base=None, log_level=None, main=<bound method BuildVerb.main of <colcon_core.verb.build.BuildVerb object at 0x7f259dbe1c10>>, merge_install=False, metas=['./colcon.meta'], packages_above=None, packages_above_and_dependencies=None, packages_above_depth=None, packages_end=None, packages_ignore=None, packages_ignore_regex=None, packages_select=None, packages_select_build_failed=False, packages_select_by_dep=None, packages_select_regex=None, packages_select_test_failures=False, packages_skip=None, packages_skip_build_finished=False, packages_skip_by_dep=None, packages_skip_regex=None, packages_skip_test_passed=False, packages_skip_up_to=None, packages_start=None, packages_up_to=None, packages_up_to_regex=None, parallel_workers=4, paths=None, symlink_install=False, test_result_base=None, verb_extension=<colcon_core.verb.build.BuildVerb object at 0x7f259dbe1c10>, verb_name='build', verb_parser=<colcon_defaults.argument_parser.defaults.DefaultArgumentsDecorator object at 0x7f259dbee1c0>)
[0.714s] Level 1:colcon.colcon_core.package_discovery:discover_packages(colcon_meta) check parameters
[0.715s] Level 1:colcon.colcon_core.package_discovery:discover_packages(recursive) check parameters
[0.715s] Level 1:colcon.colcon_core.package_discovery:discover_packages(ignore) check parameters
[0.715s] Level 1:colcon.colcon_core.package_discovery:discover_packages(path) check parameters
[0.715s] Level 1:colcon.colcon_core.package_discovery:discover_packages(colcon_meta) discover
[0.715s] Level 1:colcon.colcon_core.package_discovery:discover_packages(recursive) discover
[0.715s] INFO:colcon.colcon_core.package_discovery:Crawling recursively for packages in '/home/rockey/ros2_ws'
[0.716s] Level 1:colcon.colcon_core.package_identification:_identify(.) by extensions ['ignore', 'ignore_ament_install']
[0.716s] Level 1:colcon.colcon_core.package_identification:_identify(.) by extension 'ignore'
[0.717s] Level 1:colcon.colcon_core.package_identification:_identify(.) by extension 'ignore_ament_install'
[0.717s] Level 1:colcon.colcon_core.package_identification:_identify(.) by extensions ['colcon_pkg']
[0.717s] Level 1:colcon.colcon_core.package_identification:_identify(.) by extension 'colcon_pkg'
[0.717s] Level 1:colcon.colcon_core.package_identification:_identify(.) by extensions ['colcon_meta']
[0.717s] Level 1:colcon.colcon_core.package_identification:_identify(.) by extension 'colcon_meta'
[0.717s] Level 1:colcon.colcon_core.package_identification:_identify(.) by extensions ['ros']
[0.717s] Level 1:colcon.colcon_core.package_identification:_identify(.) by extension 'ros'
[0.744s] Level 1:colcon.colcon_core.package_identification:_identify(.) by extensions ['cmake', 'python']
[0.744s] Level 1:colcon.colcon_core.package_identification:_identify(.) by extension 'cmake'
[0.744s] Level 1:colcon.colcon_core.package_identification:_identify(.) by extension 'python'
[0.744s] Level 1:colcon.colcon_core.package_identification:_identify(.) by extensions ['python_setup_py']
[0.744s] Level 1:colcon.colcon_core.package_identification:_identify(.) by extension 'python_setup_py'
[0.745s] Level 1:colcon.colcon_core.package_identification:_identify(build) by extensions ['ignore', 'ignore_ament_install']
[0.745s] Level 1:colcon.colcon_core.package_identification:_identify(build) by extension 'ignore'
[0.745s] Level 1:colcon.colcon_core.package_identification:_identify(build) ignored
[0.745s] Level 1:colcon.colcon_core.package_identification:_identify(install) by extensions ['ignore', 'ignore_ament_install']
[0.746s] Level 1:colcon.colcon_core.package_identification:_identify(install) by extension 'ignore'
[0.746s] Level 1:colcon.colcon_core.package_identification:_identify(install) ignored
[0.746s] Level 1:colcon.colcon_core.package_identification:_identify(log) by extensions ['ignore', 'ignore_ament_install']
[0.746s] Level 1:colcon.colcon_core.package_identification:_identify(log) by extension 'ignore'
[0.746s] Level 1:colcon.colcon_core.package_identification:_identify(log) ignored
[0.746s] Level 1:colcon.colcon_core.package_identification:_identify(src) by extensions ['ignore', 'ignore_ament_install']
[0.747s] Level 1:colcon.colcon_core.package_identification:_identify(src) by extension 'ignore'
[0.747s] Level 1:colcon.colcon_core.package_identification:_identify(src) by extension 'ignore_ament_install'
[0.747s] Level 1:colcon.colcon_core.package_identification:_identify(src) by extensions ['colcon_pkg']
[0.747s] Level 1:colcon.colcon_core.package_identification:_identify(src) by extension 'colcon_pkg'
[0.747s] Level 1:colcon.colcon_core.package_identification:_identify(src) by extensions ['colcon_meta']
[0.747s] Level 1:colcon.colcon_core.package_identification:_identify(src) by extension 'colcon_meta'
[0.747s] Level 1:colcon.colcon_core.package_identification:_identify(src) by extensions ['ros']
[0.748s] Level 1:colcon.colcon_core.package_identification:_identify(src) by extension 'ros'
[0.748s] Level 1:colcon.colcon_core.package_identification:_identify(src) by extensions ['cmake', 'python']
[0.748s] Level 1:colcon.colcon_core.package_identification:_identify(src) by extension 'cmake'
[0.748s] Level 1:colcon.colcon_core.package_identification:_identify(src) by extension 'python'
[0.748s] Level 1:colcon.colcon_core.package_identification:_identify(src) by extensions ['python_setup_py']
[0.748s] Level 1:colcon.colcon_core.package_identification:_identify(src) by extension 'python_setup_py'
[0.749s] Level 1:colcon.colcon_core.package_identification:_identify(src/py_topic) by extensions ['ignore', 'ignore_ament_install']
[0.749s] Level 1:colcon.colcon_core.package_identification:_identify(src/py_topic) by extension 'ignore'
[0.749s] Level 1:colcon.colcon_core.package_identification:_identify(src/py_topic) by extension 'ignore_ament_install'
[0.749s] Level 1:colcon.colcon_core.package_identification:_identify(src/py_topic) by extensions ['colcon_pkg']
[0.749s] Level 1:colcon.colcon_core.package_identification:_identify(src/py_topic) by extension 'colcon_pkg'
[0.749s] Level 1:colcon.colcon_core.package_identification:_identify(src/py_topic) by extensions ['colcon_meta']
[0.749s] Level 1:colcon.colcon_core.package_identification:_identify(src/py_topic) by extension 'colcon_meta'
[0.749s] Level 1:colcon.colcon_core.package_identification:_identify(src/py_topic) by extensions ['ros']
[0.749s] Level 1:colcon.colcon_core.package_identification:_identify(src/py_topic) by extension 'ros'
[0.757s] DEBUG:colcon.colcon_core.package_identification:Package 'src/py_topic' with type 'ros.ament_python' and name 'py_topic'
[0.757s] Level 1:colcon.colcon_core.package_discovery:discover_packages(recursive) using defaults
[0.757s] Level 1:colcon.colcon_core.package_discovery:discover_packages(ignore) discover
[0.757s] Level 1:colcon.colcon_core.package_discovery:discover_packages(ignore) using defaults
[0.758s] Level 1:colcon.colcon_core.package_discovery:discover_packages(path) discover
[0.758s] Level 1:colcon.colcon_core.package_discovery:discover_packages(path) using defaults
[0.803s] Level 5:colcon.colcon_core.verb:set package 'py_topic' build argument 'cmake_args' from command line to 'None'
[0.803s] Level 5:colcon.colcon_core.verb:set package 'py_topic' build argument 'cmake_target' from command line to 'None'
[0.804s] Level 5:colcon.colcon_core.verb:set package 'py_topic' build argument 'cmake_target_skip_unavailable' from command line to 'False'
[0.804s] Level 5:colcon.colcon_core.verb:set package 'py_topic' build argument 'cmake_clean_cache' from command line to 'False'
[0.804s] Level 5:colcon.colcon_core.verb:set package 'py_topic' build argument 'cmake_clean_first' from command line to 'False'
[0.804s] Level 5:colcon.colcon_core.verb:set package 'py_topic' build argument 'cmake_force_configure' from command line to 'False'
[0.804s] Level 5:colcon.colcon_core.verb:set package 'py_topic' build argument 'ament_cmake_args' from command line to 'None'
[0.804s] Level 5:colcon.colcon_core.verb:set package 'py_topic' build argument 'catkin_cmake_args' from command line to 'None'
[0.804s] Level 5:colcon.colcon_core.verb:set package 'py_topic' build argument 'catkin_skip_building_tests' from command line to 'False'
[0.804s] DEBUG:colcon.colcon_core.verb:Building package 'py_topic' with the following arguments: {'ament_cmake_args': None, 'build_base': '/home/rockey/ros2_ws/build/py_topic', 'catkin_cmake_args': None, 'catkin_skip_building_tests': False, 'cmake_args': None, 'cmake_clean_cache': False, 'cmake_clean_first': False, 'cmake_force_configure': False, 'cmake_target': None, 'cmake_target_skip_unavailable': False, 'install_base': '/home/rockey/ros2_ws/install/py_topic', 'merge_install': False, 'path': '/home/rockey/ros2_ws/src/py_topic', 'symlink_install': False, 'test_result_base': None}
[0.805s] INFO:colcon.colcon_core.executor:Executing jobs using 'parallel' executor
[0.809s] DEBUG:colcon.colcon_parallel_executor.executor.parallel:run_until_complete
[0.810s] INFO:colcon.colcon_ros.task.ament_python.build:Building ROS package in '/home/rockey/ros2_ws/src/py_topic' with build type 'ament_python'
[0.811s] Level 1:colcon.colcon_core.shell:create_environment_hook('py_topic', 'ament_prefix_path')
[0.819s] INFO:colcon.colcon_core.plugin_system:Skipping extension 'colcon_core.shell.bat': Not used on non-Windows systems
[0.819s] INFO:colcon.colcon_core.shell:Creating environment hook '/home/rockey/ros2_ws/install/py_topic/share/py_topic/hook/ament_prefix_path.ps1'
[0.821s] INFO:colcon.colcon_core.shell:Creating environment descriptor '/home/rockey/ros2_ws/install/py_topic/share/py_topic/hook/ament_prefix_path.dsv'
[0.823s] INFO:colcon.colcon_core.shell:Creating environment hook '/home/rockey/ros2_ws/install/py_topic/share/py_topic/hook/ament_prefix_path.sh'
[0.826s] INFO:colcon.colcon_core.shell:Skip shell extension 'powershell' for command environment: Not usable outside of PowerShell
[0.826s] DEBUG:colcon.colcon_core.shell:Skip shell extension 'dsv' for command environment
[0.836s] DEBUG:colcon.colcon_core.shell:Ignoring prefix path '/opt/ros/foxy'
[1.343s] INFO:colcon.colcon_core.task.python.build:Building Python package in '/home/rockey/ros2_ws/src/py_topic'
[1.345s] INFO:colcon.colcon_core.shell:Skip shell extension 'powershell' for command environment: Not usable outside of PowerShell
[1.345s] DEBUG:colcon.colcon_core.shell:Skip shell extension 'dsv' for command environment
[1.352s] DEBUG:colcon.colcon_core.shell:Ignoring prefix path '/opt/ros/foxy'
[1.364s] DEBUG:colcon.colcon_core.event_handler.log_command:Invoking command in '/home/rockey/ros2_ws/src/py_topic': PYTHONPATH=/home/rockey/ros2_ws/install/py_topic/lib/python3.8/site-packages:${PYTHONPATH} /usr/bin/python3 setup.py egg_info --egg-base ../../build/py_topic build --build-base /home/rockey/ros2_ws/build/py_topic/build install --prefix /home/rockey/ros2_ws/install/py_topic --record /home/rockey/ros2_ws/build/py_topic/install.log --single-version-externally-managed
[2.051s] DEBUG:colcon.colcon_core.event_handler.log_command:Invoked command in '/home/rockey/ros2_ws/src/py_topic' returned '0': PYTHONPATH=/home/rockey/ros2_ws/install/py_topic/lib/python3.8/site-packages:${PYTHONPATH} /usr/bin/python3 setup.py egg_info --egg-base ../../build/py_topic build --build-base /home/rockey/ros2_ws/build/py_topic/build install --prefix /home/rockey/ros2_ws/install/py_topic --record /home/rockey/ros2_ws/build/py_topic/install.log --single-version-externally-managed
[2.060s] Level 1:colcon.colcon_core.environment:checking '/home/rockey/ros2_ws/install/py_topic' for CMake module files
[2.061s] Level 1:colcon.colcon_core.environment:checking '/home/rockey/ros2_ws/install/py_topic' for CMake config files
[2.062s] Level 1:colcon.colcon_core.environment:checking '/home/rockey/ros2_ws/install/py_topic/lib'
[2.063s] Level 1:colcon.colcon_core.environment:checking '/home/rockey/ros2_ws/install/py_topic/bin'
[2.063s] Level 1:colcon.colcon_core.environment:checking '/home/rockey/ros2_ws/install/py_topic/lib/pkgconfig/py_topic.pc'
[2.063s] Level 1:colcon.colcon_core.environment:checking '/home/rockey/ros2_ws/install/py_topic/lib/python3.8/site-packages'
[2.063s] Level 1:colcon.colcon_core.shell:create_environment_hook('py_topic', 'pythonpath')
[2.065s] INFO:colcon.colcon_core.shell:Creating environment hook '/home/rockey/ros2_ws/install/py_topic/share/py_topic/hook/pythonpath.ps1'
[2.066s] INFO:colcon.colcon_core.shell:Creating environment descriptor '/home/rockey/ros2_ws/install/py_topic/share/py_topic/hook/pythonpath.dsv'
[2.067s] INFO:colcon.colcon_core.shell:Creating environment hook '/home/rockey/ros2_ws/install/py_topic/share/py_topic/hook/pythonpath.sh'
[2.068s] Level 1:colcon.colcon_core.environment:create_environment_scripts_only(py_topic)
[2.071s] INFO:colcon.colcon_core.shell:Creating package script '/home/rockey/ros2_ws/install/py_topic/share/py_topic/package.ps1'
[2.073s] INFO:colcon.colcon_core.shell:Creating package descriptor '/home/rockey/ros2_ws/install/py_topic/share/py_topic/package.dsv'
[2.075s] INFO:colcon.colcon_core.shell:Creating package script '/home/rockey/ros2_ws/install/py_topic/share/py_topic/package.sh'
[2.078s] INFO:colcon.colcon_core.shell:Creating package script '/home/rockey/ros2_ws/install/py_topic/share/py_topic/package.bash'
[2.079s] INFO:colcon.colcon_core.shell:Creating package script '/home/rockey/ros2_ws/install/py_topic/share/py_topic/package.zsh'
[2.081s] Level 1:colcon.colcon_core.environment:create_file_with_runtime_dependencies(/home/rockey/ros2_ws/install/py_topic/share/colcon-core/packages/py_topic)
[2.082s] DEBUG:colcon.colcon_parallel_executor.executor.parallel:closing loop
[2.083s] DEBUG:colcon.colcon_parallel_executor.executor.parallel:loop closed
[2.083s] DEBUG:colcon.colcon_parallel_executor.executor.parallel:run_until_complete finished with '0'
[2.083s] DEBUG:colcon.colcon_core.event_reactor:joining thread
[2.103s] INFO:colcon.colcon_core.plugin_system:Skipping extension 'colcon_notification.desktop_notification.terminal_notifier': Not used on non-Darwin systems
[2.103s] INFO:colcon.colcon_core.plugin_system:Skipping extension 'colcon_notification.desktop_notification.win32': Not used on non-Windows systems
[2.103s] INFO:colcon.colcon_notification.desktop_notification:Sending desktop notification using 'notify2'
[2.141s] DEBUG:colcon.colcon_core.event_reactor:joined thread
[2.142s] INFO:colcon.colcon_core.shell:Creating prefix script '/home/rockey/ros2_ws/install/local_setup.ps1'
[2.145s] INFO:colcon.colcon_core.shell:Creating prefix util module '/home/rockey/ros2_ws/install/_local_setup_util_ps1.py'
[2.148s] INFO:colcon.colcon_core.shell:Creating prefix chain script '/home/rockey/ros2_ws/install/setup.ps1'
[2.155s] INFO:colcon.colcon_core.shell:Creating prefix script '/home/rockey/ros2_ws/install/local_setup.sh'
[2.157s] INFO:colcon.colcon_core.shell:Creating prefix util module '/home/rockey/ros2_ws/install/_local_setup_util_sh.py'
[2.159s] INFO:colcon.colcon_core.shell:Creating prefix chain script '/home/rockey/ros2_ws/install/setup.sh'
[2.165s] INFO:colcon.colcon_core.shell:Creating prefix script '/home/rockey/ros2_ws/install/local_setup.bash'
[2.166s] INFO:colcon.colcon_core.shell:Creating prefix chain script '/home/rockey/ros2_ws/install/setup.bash'
[2.174s] INFO:colcon.colcon_core.shell:Creating prefix script '/home/rockey/ros2_ws/install/local_setup.zsh'
[2.175s] INFO:colcon.colcon_core.shell:Creating prefix chain script '/home/rockey/ros2_ws/install/setup.zsh'
