[0.640s] Invoking command in '/home/rockey/ros2_ws/src/movement_detect': PYTHONPATH=/home/rockey/ros2_ws/install/movement_detect/lib/python3.8/site-packages:${PYTHONPATH} /usr/bin/python3 setup.py egg_info --egg-base ../../build/movement_detect build --build-base /home/rockey/ros2_ws/build/movement_detect/build install --prefix /home/rockey/ros2_ws/install/movement_detect --record /home/rockey/ros2_ws/build/movement_detect/install.log --single-version-externally-managed
[0.944s] running egg_info
[0.945s] writing ../../build/movement_detect/movement_detect.egg-info/PKG-INFO
[0.945s] writing dependency_links to ../../build/movement_detect/movement_detect.egg-info/dependency_links.txt
[0.946s] writing entry points to ../../build/movement_detect/movement_detect.egg-info/entry_points.txt
[0.946s] writing requirements to ../../build/movement_detect/movement_detect.egg-info/requires.txt
[0.946s] writing top-level names to ../../build/movement_detect/movement_detect.egg-info/top_level.txt
[0.993s] reading manifest file '../../build/movement_detect/movement_detect.egg-info/SOURCES.txt'
[0.995s] writing manifest file '../../build/movement_detect/movement_detect.egg-info/SOURCES.txt'
[0.995s] running build
[0.995s] running build_py
[0.995s] copying movement_detect/movement_detector_mpo.py -> /home/rockey/ros2_ws/build/movement_detect/build/lib/movement_detect
[0.996s] running install
[0.997s] running install_lib
[0.998s] copying /home/rockey/ros2_ws/build/movement_detect/build/lib/movement_detect/movement_detector_mpo.py -> /home/rockey/ros2_ws/install/movement_detect/lib/python3.8/site-packages/movement_detect
[0.999s] byte-compiling /home/rockey/ros2_ws/install/movement_detect/lib/python3.8/site-packages/movement_detect/movement_detector_mpo.py to movement_detector_mpo.cpython-38.pyc
[1.001s] running install_data
[1.001s] running install_egg_info
[1.004s] removing '/home/rockey/ros2_ws/install/movement_detect/lib/python3.8/site-packages/movement_detect-0.0.0-py3.8.egg-info' (and everything under it)
[1.004s] Copying ../../build/movement_detect/movement_detect.egg-info to /home/rockey/ros2_ws/install/movement_detect/lib/python3.8/site-packages/movement_detect-0.0.0-py3.8.egg-info
[1.005s] running install_scripts
[1.034s] Installing movement_detector_mpo script to /home/rockey/ros2_ws/install/movement_detect/lib/movement_detect
[1.035s] writing list of installed files to '/home/rockey/ros2_ws/build/movement_detect/install.log'
[1.070s] Invoked command in '/home/rockey/ros2_ws/src/movement_detect' returned '0': PYTHONPATH=/home/rockey/ros2_ws/install/movement_detect/lib/python3.8/site-packages:${PYTHONPATH} /usr/bin/python3 setup.py egg_info --egg-base ../../build/movement_detect build --build-base /home/rockey/ros2_ws/build/movement_detect/build install --prefix /home/rockey/ros2_ws/install/movement_detect --record /home/rockey/ros2_ws/build/movement_detect/install.log --single-version-externally-managed
