[0.630s] Invoking command in '/home/rockey/ros2_ws/src/movement_detect': PYTHONPATH=/home/rockey/ros2_ws/install/movement_detect/lib/python3.8/site-packages:${PYTHONPATH} /usr/bin/python3 setup.py egg_info --egg-base ../../build/movement_detect build --build-base /home/rockey/ros2_ws/build/movement_detect/build install --prefix /home/rockey/ros2_ws/install/movement_detect --record /home/rockey/ros2_ws/build/movement_detect/install.log --single-version-externally-managed
[0.956s] running egg_info
[0.958s] creating ../../build/movement_detect/movement_detect.egg-info
[0.958s] writing ../../build/movement_detect/movement_detect.egg-info/PKG-INFO
[0.958s] writing dependency_links to ../../build/movement_detect/movement_detect.egg-info/dependency_links.txt
[0.959s] writing entry points to ../../build/movement_detect/movement_detect.egg-info/entry_points.txt
[0.959s] writing requirements to ../../build/movement_detect/movement_detect.egg-info/requires.txt
[0.959s] writing top-level names to ../../build/movement_detect/movement_detect.egg-info/top_level.txt
[0.963s] writing manifest file '../../build/movement_detect/movement_detect.egg-info/SOURCES.txt'
[1.018s] reading manifest file '../../build/movement_detect/movement_detect.egg-info/SOURCES.txt'
[1.018s] writing manifest file '../../build/movement_detect/movement_detect.egg-info/SOURCES.txt'
[1.019s] running build
[1.019s] running build_py
[1.020s] creating /home/rockey/ros2_ws/build/movement_detect/build
[1.020s] creating /home/rockey/ros2_ws/build/movement_detect/build/lib
[1.020s] creating /home/rockey/ros2_ws/build/movement_detect/build/lib/movement_detect
[1.021s] copying movement_detect/movement_detector_mpo.py -> /home/rockey/ros2_ws/build/movement_detect/build/lib/movement_detect
[1.021s] copying movement_detect/__init__.py -> /home/rockey/ros2_ws/build/movement_detect/build/lib/movement_detect
[1.021s] running install
[1.022s] running install_lib
[1.023s] creating /home/rockey/ros2_ws/install/movement_detect/lib/python3.8/site-packages/movement_detect
[1.024s] copying /home/rockey/ros2_ws/build/movement_detect/build/lib/movement_detect/movement_detector_mpo.py -> /home/rockey/ros2_ws/install/movement_detect/lib/python3.8/site-packages/movement_detect
[1.024s] copying /home/rockey/ros2_ws/build/movement_detect/build/lib/movement_detect/__init__.py -> /home/rockey/ros2_ws/install/movement_detect/lib/python3.8/site-packages/movement_detect
[1.024s] byte-compiling /home/rockey/ros2_ws/install/movement_detect/lib/python3.8/site-packages/movement_detect/movement_detector_mpo.py to movement_detector_mpo.cpython-38.pyc
[1.026s] byte-compiling /home/rockey/ros2_ws/install/movement_detect/lib/python3.8/site-packages/movement_detect/__init__.py to __init__.cpython-38.pyc
[1.028s] running install_data
[1.030s] creating /home/rockey/ros2_ws/install/movement_detect/share/ament_index
[1.030s] creating /home/rockey/ros2_ws/install/movement_detect/share/ament_index/resource_index
[1.030s] creating /home/rockey/ros2_ws/install/movement_detect/share/ament_index/resource_index/packages
[1.030s] copying resource/movement_detect -> /home/rockey/ros2_ws/install/movement_detect/share/ament_index/resource_index/packages
[1.030s] copying package.xml -> /home/rockey/ros2_ws/install/movement_detect/share/movement_detect
[1.030s] running install_egg_info
[1.034s] Copying ../../build/movement_detect/movement_detect.egg-info to /home/rockey/ros2_ws/install/movement_detect/lib/python3.8/site-packages/movement_detect-0.0.0-py3.8.egg-info
[1.036s] running install_scripts
[1.074s] Installing py_pub_spiral script to /home/rockey/ros2_ws/install/movement_detect/lib/movement_detect
[1.074s] writing list of installed files to '/home/rockey/ros2_ws/build/movement_detect/install.log'
[1.145s] Invoked command in '/home/rockey/ros2_ws/src/movement_detect' returned '0': PYTHONPATH=/home/rockey/ros2_ws/install/movement_detect/lib/python3.8/site-packages:${PYTHONPATH} /usr/bin/python3 setup.py egg_info --egg-base ../../build/movement_detect build --build-base /home/rockey/ros2_ws/build/movement_detect/build install --prefix /home/rockey/ros2_ws/install/movement_detect --record /home/rockey/ros2_ws/build/movement_detect/install.log --single-version-externally-managed
