[0.910s] DEBUG:colcon:Command line arguments: ['/usr/bin/colcon', 'build']
[0.910s] DEBUG:colcon:Parsed command line arguments: Namespace(ament_cmake_args=None, base_paths=['.'], build_base='build', catkin_cmake_args=None, catkin_skip_building_tests=False, cmake_args=None, cmake_clean_cache=False, cmake_clean_first=False, cmake_force_configure=False, cmake_target=None, cmake_target_skip_unavailable=False, continue_on_error=False, event_handlers=None, executor='parallel', ignore_user_meta=False, install_base='install', log_base=None, log_level=None, main=<bound method BuildVerb.main of <colcon_core.verb.build.BuildVerb object at 0x7fdc5bf2d130>>, merge_install=False, metas=['./colcon.meta'], packages_above=None, packages_above_and_dependencies=None, packages_above_depth=None, packages_end=None, packages_ignore=None, packages_ignore_regex=None, packages_select=None, packages_select_build_failed=False, packages_select_by_dep=None, packages_select_regex=None, packages_select_test_failures=False, packages_skip=None, packages_skip_build_finished=False, packages_skip_by_dep=None, packages_skip_regex=None, packages_skip_test_passed=False, packages_skip_up_to=None, packages_start=None, packages_up_to=None, packages_up_to_regex=None, parallel_workers=4, paths=None, symlink_install=False, test_result_base=None, verb_extension=<colcon_core.verb.build.BuildVerb object at 0x7fdc5bf2d130>, verb_name='build', verb_parser=<colcon_defaults.argument_parser.defaults.DefaultArgumentsDecorator object at 0x7fdc5bf2d670>)
[0.929s] Level 1:colcon.colcon_core.package_discovery:discover_packages(colcon_meta) check parameters
[0.930s] Level 1:colcon.colcon_core.package_discovery:discover_packages(recursive) check parameters
[0.930s] Level 1:colcon.colcon_core.package_discovery:discover_packages(ignore) check parameters
[0.930s] Level 1:colcon.colcon_core.package_discovery:discover_packages(path) check parameters
[0.930s] Level 1:colcon.colcon_core.package_discovery:discover_packages(colcon_meta) discover
[0.930s] Level 1:colcon.colcon_core.package_discovery:discover_packages(recursive) discover
[0.930s] INFO:colcon.colcon_core.package_discovery:Crawling recursively for packages in '/home/rockey/ros2_ws'
[0.931s] Level 1:colcon.colcon_core.package_identification:_identify(.) by extensions ['ignore', 'ignore_ament_install']
[0.931s] Level 1:colcon.colcon_core.package_identification:_identify(.) by extension 'ignore'
[0.931s] Level 1:colcon.colcon_core.package_identification:_identify(.) by extension 'ignore_ament_install'
[0.931s] Level 1:colcon.colcon_core.package_identification:_identify(.) by extensions ['colcon_pkg']
[0.931s] Level 1:colcon.colcon_core.package_identification:_identify(.) by extension 'colcon_pkg'
[0.932s] Level 1:colcon.colcon_core.package_identification:_identify(.) by extensions ['colcon_meta']
[0.932s] Level 1:colcon.colcon_core.package_identification:_identify(.) by extension 'colcon_meta'
[0.932s] Level 1:colcon.colcon_core.package_identification:_identify(.) by extensions ['ros']
[0.932s] Level 1:colcon.colcon_core.package_identification:_identify(.) by extension 'ros'
[0.973s] Level 1:colcon.colcon_core.package_identification:_identify(.) by extensions ['cmake', 'python']
[0.973s] Level 1:colcon.colcon_core.package_identification:_identify(.) by extension 'cmake'
[0.973s] Level 1:colcon.colcon_core.package_identification:_identify(.) by extension 'python'
[0.974s] Level 1:colcon.colcon_core.package_identification:_identify(.) by extensions ['python_setup_py']
[0.974s] Level 1:colcon.colcon_core.package_identification:_identify(.) by extension 'python_setup_py'
[0.974s] Level 1:colcon.colcon_core.package_identification:_identify(build) by extensions ['ignore', 'ignore_ament_install']
[0.974s] Level 1:colcon.colcon_core.package_identification:_identify(build) by extension 'ignore'
[0.974s] Level 1:colcon.colcon_core.package_identification:_identify(build) ignored
[0.975s] Level 1:colcon.colcon_core.package_identification:_identify(install) by extensions ['ignore', 'ignore_ament_install']
[0.975s] Level 1:colcon.colcon_core.package_identification:_identify(install) by extension 'ignore'
[0.975s] Level 1:colcon.colcon_core.package_identification:_identify(install) ignored
[0.976s] Level 1:colcon.colcon_core.package_identification:_identify(log) by extensions ['ignore', 'ignore_ament_install']
[0.976s] Level 1:colcon.colcon_core.package_identification:_identify(log) by extension 'ignore'
[0.976s] Level 1:colcon.colcon_core.package_identification:_identify(log) ignored
[0.976s] Level 1:colcon.colcon_core.package_identification:_identify(src) by extensions ['ignore', 'ignore_ament_install']
[0.977s] Level 1:colcon.colcon_core.package_identification:_identify(src) by extension 'ignore'
[0.977s] Level 1:colcon.colcon_core.package_identification:_identify(src) by extension 'ignore_ament_install'
[0.978s] Level 1:colcon.colcon_core.package_identification:_identify(src) by extensions ['colcon_pkg']
[0.979s] Level 1:colcon.colcon_core.package_identification:_identify(src) by extension 'colcon_pkg'
[0.979s] Level 1:colcon.colcon_core.package_identification:_identify(src) by extensions ['colcon_meta']
[0.979s] Level 1:colcon.colcon_core.package_identification:_identify(src) by extension 'colcon_meta'
[0.979s] Level 1:colcon.colcon_core.package_identification:_identify(src) by extensions ['ros']
[0.979s] Level 1:colcon.colcon_core.package_identification:_identify(src) by extension 'ros'
[0.980s] Level 1:colcon.colcon_core.package_identification:_identify(src) by extensions ['cmake', 'python']
[0.980s] Level 1:colcon.colcon_core.package_identification:_identify(src) by extension 'cmake'
[0.980s] Level 1:colcon.colcon_core.package_identification:_identify(src) by extension 'python'
[0.980s] Level 1:colcon.colcon_core.package_identification:_identify(src) by extensions ['python_setup_py']
[0.980s] Level 1:colcon.colcon_core.package_identification:_identify(src) by extension 'python_setup_py'
[0.981s] Level 1:colcon.colcon_core.package_identification:_identify(src/movement_detect) by extensions ['ignore', 'ignore_ament_install']
[0.981s] Level 1:colcon.colcon_core.package_identification:_identify(src/movement_detect) by extension 'ignore'
[0.981s] Level 1:colcon.colcon_core.package_identification:_identify(src/movement_detect) by extension 'ignore_ament_install'
[0.982s] Level 1:colcon.colcon_core.package_identification:_identify(src/movement_detect) by extensions ['colcon_pkg']
[0.982s] Level 1:colcon.colcon_core.package_identification:_identify(src/movement_detect) by extension 'colcon_pkg'
[0.982s] Level 1:colcon.colcon_core.package_identification:_identify(src/movement_detect) by extensions ['colcon_meta']
[0.983s] Level 1:colcon.colcon_core.package_identification:_identify(src/movement_detect) by extension 'colcon_meta'
[0.983s] Level 1:colcon.colcon_core.package_identification:_identify(src/movement_detect) by extensions ['ros']
[0.983s] Level 1:colcon.colcon_core.package_identification:_identify(src/movement_detect) by extension 'ros'
[0.994s] DEBUG:colcon.colcon_core.package_identification:Package 'src/movement_detect' with type 'ros.ament_python' and name 'movement_detect'
[0.995s] Level 1:colcon.colcon_core.package_identification:_identify(src/py_topic) by extensions ['ignore', 'ignore_ament_install']
[0.995s] Level 1:colcon.colcon_core.package_identification:_identify(src/py_topic) by extension 'ignore'
[0.996s] Level 1:colcon.colcon_core.package_identification:_identify(src/py_topic) by extension 'ignore_ament_install'
[0.996s] Level 1:colcon.colcon_core.package_identification:_identify(src/py_topic) by extensions ['colcon_pkg']
[0.996s] Level 1:colcon.colcon_core.package_identification:_identify(src/py_topic) by extension 'colcon_pkg'
[0.996s] Level 1:colcon.colcon_core.package_identification:_identify(src/py_topic) by extensions ['colcon_meta']
[0.996s] Level 1:colcon.colcon_core.package_identification:_identify(src/py_topic) by extension 'colcon_meta'
[0.997s] Level 1:colcon.colcon_core.package_identification:_identify(src/py_topic) by extensions ['ros']
[0.997s] Level 1:colcon.colcon_core.package_identification:_identify(src/py_topic) by extension 'ros'
[1.000s] DEBUG:colcon.colcon_core.package_identification:Package 'src/py_topic' with type 'ros.ament_python' and name 'py_topic'
[1.001s] Level 1:colcon.colcon_core.package_discovery:discover_packages(recursive) using defaults
[1.001s] Level 1:colcon.colcon_core.package_discovery:discover_packages(ignore) discover
[1.001s] Level 1:colcon.colcon_core.package_discovery:discover_packages(ignore) using defaults
[1.001s] Level 1:colcon.colcon_core.package_discovery:discover_packages(path) discover
[1.001s] Level 1:colcon.colcon_core.package_discovery:discover_packages(path) using defaults
[1.065s] Level 5:colcon.colcon_core.verb:set package 'movement_detect' build argument 'cmake_args' from command line to 'None'
[1.065s] Level 5:colcon.colcon_core.verb:set package 'movement_detect' build argument 'cmake_target' from command line to 'None'
[1.066s] Level 5:colcon.colcon_core.verb:set package 'movement_detect' build argument 'cmake_target_skip_unavailable' from command line to 'False'
[1.066s] Level 5:colcon.colcon_core.verb:set package 'movement_detect' build argument 'cmake_clean_cache' from command line to 'False'
[1.066s] Level 5:colcon.colcon_core.verb:set package 'movement_detect' build argument 'cmake_clean_first' from command line to 'False'
[1.066s] Level 5:colcon.colcon_core.verb:set package 'movement_detect' build argument 'cmake_force_configure' from command line to 'False'
[1.066s] Level 5:colcon.colcon_core.verb:set package 'movement_detect' build argument 'ament_cmake_args' from command line to 'None'
[1.067s] Level 5:colcon.colcon_core.verb:set package 'movement_detect' build argument 'catkin_cmake_args' from command line to 'None'
[1.067s] Level 5:colcon.colcon_core.verb:set package 'movement_detect' build argument 'catkin_skip_building_tests' from command line to 'False'
[1.067s] DEBUG:colcon.colcon_core.verb:Building package 'movement_detect' with the following arguments: {'ament_cmake_args': None, 'build_base': '/home/rockey/ros2_ws/build/movement_detect', 'catkin_cmake_args': None, 'catkin_skip_building_tests': False, 'cmake_args': None, 'cmake_clean_cache': False, 'cmake_clean_first': False, 'cmake_force_configure': False, 'cmake_target': None, 'cmake_target_skip_unavailable': False, 'install_base': '/home/rockey/ros2_ws/install/movement_detect', 'merge_install': False, 'path': '/home/rockey/ros2_ws/src/movement_detect', 'symlink_install': False, 'test_result_base': None}
[1.077s] Level 5:colcon.colcon_core.verb:set package 'py_topic' build argument 'cmake_args' from command line to 'None'
[1.077s] Level 5:colcon.colcon_core.verb:set package 'py_topic' build argument 'cmake_target' from command line to 'None'
[1.078s] Level 5:colcon.colcon_core.verb:set package 'py_topic' build argument 'cmake_target_skip_unavailable' from command line to 'False'
[1.078s] Level 5:colcon.colcon_core.verb:set package 'py_topic' build argument 'cmake_clean_cache' from command line to 'False'
[1.078s] Level 5:colcon.colcon_core.verb:set package 'py_topic' build argument 'cmake_clean_first' from command line to 'False'
[1.078s] Level 5:colcon.colcon_core.verb:set package 'py_topic' build argument 'cmake_force_configure' from command line to 'False'
[1.078s] Level 5:colcon.colcon_core.verb:set package 'py_topic' build argument 'ament_cmake_args' from command line to 'None'
[1.079s] Level 5:colcon.colcon_core.verb:set package 'py_topic' build argument 'catkin_cmake_args' from command line to 'None'
[1.079s] Level 5:colcon.colcon_core.verb:set package 'py_topic' build argument 'catkin_skip_building_tests' from command line to 'False'
[1.079s] DEBUG:colcon.colcon_core.verb:Building package 'py_topic' with the following arguments: {'ament_cmake_args': None, 'build_base': '/home/rockey/ros2_ws/build/py_topic', 'catkin_cmake_args': None, 'catkin_skip_building_tests': False, 'cmake_args': None, 'cmake_clean_cache': False, 'cmake_clean_first': False, 'cmake_force_configure': False, 'cmake_target': None, 'cmake_target_skip_unavailable': False, 'install_base': '/home/rockey/ros2_ws/install/py_topic', 'merge_install': False, 'path': '/home/rockey/ros2_ws/src/py_topic', 'symlink_install': False, 'test_result_base': None}
[1.080s] INFO:colcon.colcon_core.executor:Executing jobs using 'parallel' executor
[1.089s] DEBUG:colcon.colcon_parallel_executor.executor.parallel:run_until_complete
[1.089s] INFO:colcon.colcon_ros.task.ament_python.build:Building ROS package in '/home/rockey/ros2_ws/src/movement_detect' with build type 'ament_python'
[1.090s] Level 1:colcon.colcon_core.shell:create_environment_hook('movement_detect', 'ament_prefix_path')
[1.103s] INFO:colcon.colcon_core.plugin_system:Skipping extension 'colcon_core.shell.bat': Not used on non-Windows systems
[1.103s] INFO:colcon.colcon_core.shell:Creating environment hook '/home/rockey/ros2_ws/install/movement_detect/share/movement_detect/hook/ament_prefix_path.ps1'
[1.106s] INFO:colcon.colcon_core.shell:Creating environment descriptor '/home/rockey/ros2_ws/install/movement_detect/share/movement_detect/hook/ament_prefix_path.dsv'
[1.108s] INFO:colcon.colcon_core.shell:Creating environment hook '/home/rockey/ros2_ws/install/movement_detect/share/movement_detect/hook/ament_prefix_path.sh'
[1.112s] INFO:colcon.colcon_core.shell:Skip shell extension 'powershell' for command environment: Not usable outside of PowerShell
[1.112s] DEBUG:colcon.colcon_core.shell:Skip shell extension 'dsv' for command environment
[1.125s] DEBUG:colcon.colcon_core.shell:Ignoring prefix path '/opt/ros/foxy'
[1.134s] INFO:colcon.colcon_ros.task.ament_python.build:Building ROS package in '/home/rockey/ros2_ws/src/py_topic' with build type 'ament_python'
[1.135s] Level 1:colcon.colcon_core.shell:create_environment_hook('py_topic', 'ament_prefix_path')
[1.137s] INFO:colcon.colcon_core.shell:Creating environment hook '/home/rockey/ros2_ws/install/py_topic/share/py_topic/hook/ament_prefix_path.ps1'
[1.139s] INFO:colcon.colcon_core.shell:Creating environment descriptor '/home/rockey/ros2_ws/install/py_topic/share/py_topic/hook/ament_prefix_path.dsv'
[1.140s] INFO:colcon.colcon_core.shell:Creating environment hook '/home/rockey/ros2_ws/install/py_topic/share/py_topic/hook/ament_prefix_path.sh'
[1.145s] INFO:colcon.colcon_core.shell:Skip shell extension 'powershell' for command environment: Not usable outside of PowerShell
[1.145s] DEBUG:colcon.colcon_core.shell:Skip shell extension 'dsv' for command environment
[1.152s] DEBUG:colcon.colcon_core.shell:Ignoring prefix path '/opt/ros/foxy'
[1.852s] INFO:colcon.colcon_core.task.python.build:Building Python package in '/home/rockey/ros2_ws/src/movement_detect'
[1.854s] INFO:colcon.colcon_core.shell:Skip shell extension 'powershell' for command environment: Not usable outside of PowerShell
[1.855s] DEBUG:colcon.colcon_core.shell:Skip shell extension 'dsv' for command environment
[1.864s] DEBUG:colcon.colcon_core.shell:Ignoring prefix path '/opt/ros/foxy'
[3.181s] INFO:colcon.colcon_core.task.python.build:Building Python package in '/home/rockey/ros2_ws/src/py_topic'
[3.196s] INFO:colcon.colcon_core.shell:Skip shell extension 'powershell' for command environment: Not usable outside of PowerShell
[3.197s] DEBUG:colcon.colcon_core.shell:Skip shell extension 'dsv' for command environment
[3.264s] DEBUG:colcon.colcon_core.shell:Ignoring prefix path '/opt/ros/foxy'
[3.385s] DEBUG:colcon.colcon_core.event_handler.log_command:Invoking command in '/home/rockey/ros2_ws/src/movement_detect': PYTHONPATH=/home/rockey/ros2_ws/install/movement_detect/lib/python3.8/site-packages:${PYTHONPATH} /usr/bin/python3 setup.py egg_info --egg-base ../../build/movement_detect build --build-base /home/rockey/ros2_ws/build/movement_detect/build install --prefix /home/rockey/ros2_ws/install/movement_detect --record /home/rockey/ros2_ws/build/movement_detect/install.log --single-version-externally-managed
[3.475s] DEBUG:colcon.colcon_core.event_handler.log_command:Invoking command in '/home/rockey/ros2_ws/src/py_topic': PYTHONPATH=/home/rockey/ros2_ws/install/py_topic/lib/python3.8/site-packages:${PYTHONPATH} /usr/bin/python3 setup.py egg_info --egg-base ../../build/py_topic build --build-base /home/rockey/ros2_ws/build/py_topic/build install --prefix /home/rockey/ros2_ws/install/py_topic --record /home/rockey/ros2_ws/build/py_topic/install.log --single-version-externally-managed
[5.540s] Level 1:colcon.colcon_core.environment:checking '/home/rockey/ros2_ws/install/py_topic' for CMake module files
[5.542s] Level 1:colcon.colcon_core.environment:checking '/home/rockey/ros2_ws/install/py_topic' for CMake config files
[5.543s] Level 1:colcon.colcon_core.environment:checking '/home/rockey/ros2_ws/install/py_topic/lib'
[5.544s] Level 1:colcon.colcon_core.environment:checking '/home/rockey/ros2_ws/install/py_topic/bin'
[5.544s] Level 1:colcon.colcon_core.environment:checking '/home/rockey/ros2_ws/install/py_topic/lib/pkgconfig/py_topic.pc'
[5.544s] Level 1:colcon.colcon_core.environment:checking '/home/rockey/ros2_ws/install/py_topic/lib/python3.8/site-packages'
[5.544s] Level 1:colcon.colcon_core.shell:create_environment_hook('py_topic', 'pythonpath')
[5.541s] DEBUG:colcon.colcon_core.event_handler.log_command:Invoked command in '/home/rockey/ros2_ws/src/py_topic' returned '0': PYTHONPATH=/home/rockey/ros2_ws/install/py_topic/lib/python3.8/site-packages:${PYTHONPATH} /usr/bin/python3 setup.py egg_info --egg-base ../../build/py_topic build --build-base /home/rockey/ros2_ws/build/py_topic/build install --prefix /home/rockey/ros2_ws/install/py_topic --record /home/rockey/ros2_ws/build/py_topic/install.log --single-version-externally-managed
[5.546s] INFO:colcon.colcon_core.shell:Creating environment hook '/home/rockey/ros2_ws/install/py_topic/share/py_topic/hook/pythonpath.ps1'
[5.547s] INFO:colcon.colcon_core.shell:Creating environment descriptor '/home/rockey/ros2_ws/install/py_topic/share/py_topic/hook/pythonpath.dsv'
[5.548s] INFO:colcon.colcon_core.shell:Creating environment hook '/home/rockey/ros2_ws/install/py_topic/share/py_topic/hook/pythonpath.sh'
[5.549s] Level 1:colcon.colcon_core.environment:create_environment_scripts_only(py_topic)
[5.551s] INFO:colcon.colcon_core.shell:Creating package script '/home/rockey/ros2_ws/install/py_topic/share/py_topic/package.ps1'
[5.555s] INFO:colcon.colcon_core.shell:Creating package descriptor '/home/rockey/ros2_ws/install/py_topic/share/py_topic/package.dsv'
[5.558s] INFO:colcon.colcon_core.shell:Creating package script '/home/rockey/ros2_ws/install/py_topic/share/py_topic/package.sh'
[5.560s] INFO:colcon.colcon_core.shell:Creating package script '/home/rockey/ros2_ws/install/py_topic/share/py_topic/package.bash'
[5.573s] INFO:colcon.colcon_core.shell:Creating package script '/home/rockey/ros2_ws/install/py_topic/share/py_topic/package.zsh'
[5.574s] Level 1:colcon.colcon_core.environment:create_file_with_runtime_dependencies(/home/rockey/ros2_ws/install/py_topic/share/colcon-core/packages/py_topic)
[5.709s] Level 1:colcon.colcon_core.environment:checking '/home/rockey/ros2_ws/install/movement_detect' for CMake module files
[5.710s] DEBUG:colcon.colcon_core.event_handler.log_command:Invoked command in '/home/rockey/ros2_ws/src/movement_detect' returned '0': PYTHONPATH=/home/rockey/ros2_ws/install/movement_detect/lib/python3.8/site-packages:${PYTHONPATH} /usr/bin/python3 setup.py egg_info --egg-base ../../build/movement_detect build --build-base /home/rockey/ros2_ws/build/movement_detect/build install --prefix /home/rockey/ros2_ws/install/movement_detect --record /home/rockey/ros2_ws/build/movement_detect/install.log --single-version-externally-managed
[5.712s] Level 1:colcon.colcon_core.environment:checking '/home/rockey/ros2_ws/install/movement_detect' for CMake config files
[5.717s] Level 1:colcon.colcon_core.environment:checking '/home/rockey/ros2_ws/install/movement_detect/lib'
[5.717s] Level 1:colcon.colcon_core.environment:checking '/home/rockey/ros2_ws/install/movement_detect/bin'
[5.718s] Level 1:colcon.colcon_core.environment:checking '/home/rockey/ros2_ws/install/movement_detect/lib/pkgconfig/movement_detect.pc'
[5.718s] Level 1:colcon.colcon_core.environment:checking '/home/rockey/ros2_ws/install/movement_detect/lib/python3.8/site-packages'
[5.718s] Level 1:colcon.colcon_core.shell:create_environment_hook('movement_detect', 'pythonpath')
[5.720s] INFO:colcon.colcon_core.shell:Creating environment hook '/home/rockey/ros2_ws/install/movement_detect/share/movement_detect/hook/pythonpath.ps1'
[5.721s] INFO:colcon.colcon_core.shell:Creating environment descriptor '/home/rockey/ros2_ws/install/movement_detect/share/movement_detect/hook/pythonpath.dsv'
[5.722s] INFO:colcon.colcon_core.shell:Creating environment hook '/home/rockey/ros2_ws/install/movement_detect/share/movement_detect/hook/pythonpath.sh'
[5.723s] Level 1:colcon.colcon_core.environment:create_environment_scripts_only(movement_detect)
[5.725s] INFO:colcon.colcon_core.shell:Creating package script '/home/rockey/ros2_ws/install/movement_detect/share/movement_detect/package.ps1'
[5.729s] INFO:colcon.colcon_core.shell:Creating package descriptor '/home/rockey/ros2_ws/install/movement_detect/share/movement_detect/package.dsv'
[5.731s] INFO:colcon.colcon_core.shell:Creating package script '/home/rockey/ros2_ws/install/movement_detect/share/movement_detect/package.sh'
[5.734s] INFO:colcon.colcon_core.shell:Creating package script '/home/rockey/ros2_ws/install/movement_detect/share/movement_detect/package.bash'
[5.735s] INFO:colcon.colcon_core.shell:Creating package script '/home/rockey/ros2_ws/install/movement_detect/share/movement_detect/package.zsh'
[5.736s] Level 1:colcon.colcon_core.environment:create_file_with_runtime_dependencies(/home/rockey/ros2_ws/install/movement_detect/share/colcon-core/packages/movement_detect)
[5.738s] DEBUG:colcon.colcon_parallel_executor.executor.parallel:closing loop
[5.738s] DEBUG:colcon.colcon_parallel_executor.executor.parallel:loop closed
[5.739s] DEBUG:colcon.colcon_parallel_executor.executor.parallel:run_until_complete finished with '0'
[5.739s] DEBUG:colcon.colcon_core.event_reactor:joining thread
[5.758s] INFO:colcon.colcon_core.plugin_system:Skipping extension 'colcon_notification.desktop_notification.terminal_notifier': Not used on non-Darwin systems
[5.759s] INFO:colcon.colcon_core.plugin_system:Skipping extension 'colcon_notification.desktop_notification.win32': Not used on non-Windows systems
[5.759s] INFO:colcon.colcon_notification.desktop_notification:Sending desktop notification using 'notify2'
[5.815s] DEBUG:colcon.colcon_core.event_reactor:joined thread
[5.817s] INFO:colcon.colcon_core.shell:Creating prefix script '/home/rockey/ros2_ws/install/local_setup.ps1'
[5.819s] INFO:colcon.colcon_core.shell:Creating prefix util module '/home/rockey/ros2_ws/install/_local_setup_util_ps1.py'
[5.822s] INFO:colcon.colcon_core.shell:Creating prefix chain script '/home/rockey/ros2_ws/install/setup.ps1'
[5.833s] INFO:colcon.colcon_core.shell:Creating prefix script '/home/rockey/ros2_ws/install/local_setup.sh'
[5.834s] INFO:colcon.colcon_core.shell:Creating prefix util module '/home/rockey/ros2_ws/install/_local_setup_util_sh.py'
[5.835s] INFO:colcon.colcon_core.shell:Creating prefix chain script '/home/rockey/ros2_ws/install/setup.sh'
[5.841s] INFO:colcon.colcon_core.shell:Creating prefix script '/home/rockey/ros2_ws/install/local_setup.bash'
[5.843s] INFO:colcon.colcon_core.shell:Creating prefix chain script '/home/rockey/ros2_ws/install/setup.bash'
[5.854s] INFO:colcon.colcon_core.shell:Creating prefix script '/home/rockey/ros2_ws/install/local_setup.zsh'
[5.855s] INFO:colcon.colcon_core.shell:Creating prefix chain script '/home/rockey/ros2_ws/install/setup.zsh'
