[1.014s] Invoking command in '/home/rockey/ros2_ws/src/movement_detect': PYTHONPATH=/home/rockey/ros2_ws/install/movement_detect/lib/python3.8/site-packages:${PYTHONPATH} /usr/bin/python3 setup.py egg_info --egg-base ../../build/movement_detect build --build-base /home/rockey/ros2_ws/build/movement_detect/build install --prefix /home/rockey/ros2_ws/install/movement_detect --record /home/rockey/ros2_ws/build/movement_detect/install.log --single-version-externally-managed
[1.525s] running egg_info
[1.526s] writing ../../build/movement_detect/movement_detect.egg-info/PKG-INFO
[1.527s] writing dependency_links to ../../build/movement_detect/movement_detect.egg-info/dependency_links.txt
[1.528s] writing entry points to ../../build/movement_detect/movement_detect.egg-info/entry_points.txt
[1.528s] writing requirements to ../../build/movement_detect/movement_detect.egg-info/requires.txt
[1.528s] writing top-level names to ../../build/movement_detect/movement_detect.egg-info/top_level.txt
[1.635s] reading manifest file '../../build/movement_detect/movement_detect.egg-info/SOURCES.txt'
[1.637s] writing manifest file '../../build/movement_detect/movement_detect.egg-info/SOURCES.txt'
[1.638s] running build
[1.638s] running build_py
[1.638s] copying movement_detect/movement_detector_mpo.py -> /home/rockey/ros2_ws/build/movement_detect/build/lib/movement_detect
[1.639s] running install
[1.641s] running install_lib
[1.644s] copying /home/rockey/ros2_ws/build/movement_detect/build/lib/movement_detect/movement_detector_mpo.py -> /home/rockey/ros2_ws/install/movement_detect/lib/python3.8/site-packages/movement_detect
[1.645s] byte-compiling /home/rockey/ros2_ws/install/movement_detect/lib/python3.8/site-packages/movement_detect/movement_detector_mpo.py to movement_detector_mpo.cpython-38.pyc
[1.649s] running install_data
[1.651s] running install_egg_info
[1.655s] removing '/home/rockey/ros2_ws/install/movement_detect/lib/python3.8/site-packages/movement_detect-0.0.0-py3.8.egg-info' (and everything under it)
[1.655s] Copying ../../build/movement_detect/movement_detect.egg-info to /home/rockey/ros2_ws/install/movement_detect/lib/python3.8/site-packages/movement_detect-0.0.0-py3.8.egg-info
[1.657s] running install_scripts
[1.704s] Installing movement_detector_mpo script to /home/rockey/ros2_ws/install/movement_detect/lib/movement_detect
[1.705s] writing list of installed files to '/home/rockey/ros2_ws/build/movement_detect/install.log'
[1.760s] Invoked command in '/home/rockey/ros2_ws/src/movement_detect' returned '0': PYTHONPATH=/home/rockey/ros2_ws/install/movement_detect/lib/python3.8/site-packages:${PYTHONPATH} /usr/bin/python3 setup.py egg_info --egg-base ../../build/movement_detect build --build-base /home/rockey/ros2_ws/build/movement_detect/build install --prefix /home/rockey/ros2_ws/install/movement_detect --record /home/rockey/ros2_ws/build/movement_detect/install.log --single-version-externally-managed
