[0.699s] DEBUG:colcon:Command line arguments: ['/usr/bin/colcon', 'build']
[0.699s] DEBUG:colcon:Parsed command line arguments: Namespace(ament_cmake_args=None, base_paths=['.'], build_base='build', catkin_cmake_args=None, catkin_skip_building_tests=False, cmake_args=None, cmake_clean_cache=False, cmake_clean_first=False, cmake_force_configure=False, cmake_target=None, cmake_target_skip_unavailable=False, continue_on_error=False, event_handlers=None, executor='parallel', ignore_user_meta=False, install_base='install', log_base=None, log_level=None, main=<bound method BuildVerb.main of <colcon_core.verb.build.BuildVerb object at 0x7f5879996ca0>>, merge_install=False, metas=['./colcon.meta'], packages_above=None, packages_above_and_dependencies=None, packages_above_depth=None, packages_end=None, packages_ignore=None, packages_ignore_regex=None, packages_select=None, packages_select_build_failed=False, packages_select_by_dep=None, packages_select_regex=None, packages_select_test_failures=False, packages_skip=None, packages_skip_build_finished=False, packages_skip_by_dep=None, packages_skip_regex=None, packages_skip_test_passed=False, packages_skip_up_to=None, packages_start=None, packages_up_to=None, packages_up_to_regex=None, parallel_workers=4, paths=None, symlink_install=False, test_result_base=None, verb_extension=<colcon_core.verb.build.BuildVerb object at 0x7f5879996ca0>, verb_name='build', verb_parser=<colcon_defaults.argument_parser.defaults.DefaultArgumentsDecorator object at 0x7f58799a3250>)
[0.711s] Level 1:colcon.colcon_core.package_discovery:discover_packages(colcon_meta) check parameters
[0.711s] Level 1:colcon.colcon_core.package_discovery:discover_packages(recursive) check parameters
[0.712s] Level 1:colcon.colcon_core.package_discovery:discover_packages(ignore) check parameters
[0.712s] Level 1:colcon.colcon_core.package_discovery:discover_packages(path) check parameters
[0.712s] Level 1:colcon.colcon_core.package_discovery:discover_packages(colcon_meta) discover
[0.712s] Level 1:colcon.colcon_core.package_discovery:discover_packages(recursive) discover
[0.712s] INFO:colcon.colcon_core.package_discovery:Crawling recursively for packages in '/home/rockey/ros2_ws'
[0.712s] Level 1:colcon.colcon_core.package_identification:_identify(.) by extensions ['ignore', 'ignore_ament_install']
[0.713s] Level 1:colcon.colcon_core.package_identification:_identify(.) by extension 'ignore'
[0.713s] Level 1:colcon.colcon_core.package_identification:_identify(.) by extension 'ignore_ament_install'
[0.713s] Level 1:colcon.colcon_core.package_identification:_identify(.) by extensions ['colcon_pkg']
[0.714s] Level 1:colcon.colcon_core.package_identification:_identify(.) by extension 'colcon_pkg'
[0.714s] Level 1:colcon.colcon_core.package_identification:_identify(.) by extensions ['colcon_meta']
[0.714s] Level 1:colcon.colcon_core.package_identification:_identify(.) by extension 'colcon_meta'
[0.714s] Level 1:colcon.colcon_core.package_identification:_identify(.) by extensions ['ros']
[0.714s] Level 1:colcon.colcon_core.package_identification:_identify(.) by extension 'ros'
[0.742s] Level 1:colcon.colcon_core.package_identification:_identify(.) by extensions ['cmake', 'python']
[0.742s] Level 1:colcon.colcon_core.package_identification:_identify(.) by extension 'cmake'
[0.743s] Level 1:colcon.colcon_core.package_identification:_identify(.) by extension 'python'
[0.743s] Level 1:colcon.colcon_core.package_identification:_identify(.) by extensions ['python_setup_py']
[0.743s] Level 1:colcon.colcon_core.package_identification:_identify(.) by extension 'python_setup_py'
[0.743s] Level 1:colcon.colcon_core.package_identification:_identify(build) by extensions ['ignore', 'ignore_ament_install']
[0.743s] Level 1:colcon.colcon_core.package_identification:_identify(build) by extension 'ignore'
[0.743s] Level 1:colcon.colcon_core.package_identification:_identify(build) ignored
[0.744s] Level 1:colcon.colcon_core.package_identification:_identify(install) by extensions ['ignore', 'ignore_ament_install']
[0.744s] Level 1:colcon.colcon_core.package_identification:_identify(install) by extension 'ignore'
[0.744s] Level 1:colcon.colcon_core.package_identification:_identify(install) ignored
[0.744s] Level 1:colcon.colcon_core.package_identification:_identify(log) by extensions ['ignore', 'ignore_ament_install']
[0.744s] Level 1:colcon.colcon_core.package_identification:_identify(log) by extension 'ignore'
[0.744s] Level 1:colcon.colcon_core.package_identification:_identify(log) ignored
[0.744s] Level 1:colcon.colcon_core.package_identification:_identify(src) by extensions ['ignore', 'ignore_ament_install']
[0.744s] Level 1:colcon.colcon_core.package_identification:_identify(src) by extension 'ignore'
[0.745s] Level 1:colcon.colcon_core.package_identification:_identify(src) by extension 'ignore_ament_install'
[0.745s] Level 1:colcon.colcon_core.package_identification:_identify(src) by extensions ['colcon_pkg']
[0.745s] Level 1:colcon.colcon_core.package_identification:_identify(src) by extension 'colcon_pkg'
[0.745s] Level 1:colcon.colcon_core.package_identification:_identify(src) by extensions ['colcon_meta']
[0.745s] Level 1:colcon.colcon_core.package_identification:_identify(src) by extension 'colcon_meta'
[0.745s] Level 1:colcon.colcon_core.package_identification:_identify(src) by extensions ['ros']
[0.745s] Level 1:colcon.colcon_core.package_identification:_identify(src) by extension 'ros'
[0.745s] Level 1:colcon.colcon_core.package_identification:_identify(src) by extensions ['cmake', 'python']
[0.746s] Level 1:colcon.colcon_core.package_identification:_identify(src) by extension 'cmake'
[0.746s] Level 1:colcon.colcon_core.package_identification:_identify(src) by extension 'python'
[0.746s] Level 1:colcon.colcon_core.package_identification:_identify(src) by extensions ['python_setup_py']
[0.746s] Level 1:colcon.colcon_core.package_identification:_identify(src) by extension 'python_setup_py'
[0.746s] Level 1:colcon.colcon_core.package_identification:_identify(src/py_topic) by extensions ['ignore', 'ignore_ament_install']
[0.747s] Level 1:colcon.colcon_core.package_identification:_identify(src/py_topic) by extension 'ignore'
[0.747s] Level 1:colcon.colcon_core.package_identification:_identify(src/py_topic) by extension 'ignore_ament_install'
[0.747s] Level 1:colcon.colcon_core.package_identification:_identify(src/py_topic) by extensions ['colcon_pkg']
[0.747s] Level 1:colcon.colcon_core.package_identification:_identify(src/py_topic) by extension 'colcon_pkg'
[0.747s] Level 1:colcon.colcon_core.package_identification:_identify(src/py_topic) by extensions ['colcon_meta']
[0.747s] Level 1:colcon.colcon_core.package_identification:_identify(src/py_topic) by extension 'colcon_meta'
[0.747s] Level 1:colcon.colcon_core.package_identification:_identify(src/py_topic) by extensions ['ros']
[0.747s] Level 1:colcon.colcon_core.package_identification:_identify(src/py_topic) by extension 'ros'
[0.754s] DEBUG:colcon.colcon_core.package_identification:Package 'src/py_topic' with type 'ros.ament_python' and name 'py_topic'
[0.754s] Level 1:colcon.colcon_core.package_discovery:discover_packages(recursive) using defaults
[0.754s] Level 1:colcon.colcon_core.package_discovery:discover_packages(ignore) discover
[0.755s] Level 1:colcon.colcon_core.package_discovery:discover_packages(ignore) using defaults
[0.755s] Level 1:colcon.colcon_core.package_discovery:discover_packages(path) discover
[0.755s] Level 1:colcon.colcon_core.package_discovery:discover_packages(path) using defaults
[0.805s] Level 5:colcon.colcon_core.verb:set package 'py_topic' build argument 'cmake_args' from command line to 'None'
[0.805s] Level 5:colcon.colcon_core.verb:set package 'py_topic' build argument 'cmake_target' from command line to 'None'
[0.805s] Level 5:colcon.colcon_core.verb:set package 'py_topic' build argument 'cmake_target_skip_unavailable' from command line to 'False'
[0.805s] Level 5:colcon.colcon_core.verb:set package 'py_topic' build argument 'cmake_clean_cache' from command line to 'False'
[0.806s] Level 5:colcon.colcon_core.verb:set package 'py_topic' build argument 'cmake_clean_first' from command line to 'False'
[0.806s] Level 5:colcon.colcon_core.verb:set package 'py_topic' build argument 'cmake_force_configure' from command line to 'False'
[0.806s] Level 5:colcon.colcon_core.verb:set package 'py_topic' build argument 'ament_cmake_args' from command line to 'None'
[0.806s] Level 5:colcon.colcon_core.verb:set package 'py_topic' build argument 'catkin_cmake_args' from command line to 'None'
[0.806s] Level 5:colcon.colcon_core.verb:set package 'py_topic' build argument 'catkin_skip_building_tests' from command line to 'False'
[0.806s] DEBUG:colcon.colcon_core.verb:Building package 'py_topic' with the following arguments: {'ament_cmake_args': None, 'build_base': '/home/rockey/ros2_ws/build/py_topic', 'catkin_cmake_args': None, 'catkin_skip_building_tests': False, 'cmake_args': None, 'cmake_clean_cache': False, 'cmake_clean_first': False, 'cmake_force_configure': False, 'cmake_target': None, 'cmake_target_skip_unavailable': False, 'install_base': '/home/rockey/ros2_ws/install/py_topic', 'merge_install': False, 'path': '/home/rockey/ros2_ws/src/py_topic', 'symlink_install': False, 'test_result_base': None}
[0.807s] INFO:colcon.colcon_core.executor:Executing jobs using 'parallel' executor
[0.811s] DEBUG:colcon.colcon_parallel_executor.executor.parallel:run_until_complete
[0.811s] INFO:colcon.colcon_ros.task.ament_python.build:Building ROS package in '/home/rockey/ros2_ws/src/py_topic' with build type 'ament_python'
[0.812s] Level 1:colcon.colcon_core.shell:create_environment_hook('py_topic', 'ament_prefix_path')
[0.819s] INFO:colcon.colcon_core.plugin_system:Skipping extension 'colcon_core.shell.bat': Not used on non-Windows systems
[0.820s] INFO:colcon.colcon_core.shell:Creating environment hook '/home/rockey/ros2_ws/install/py_topic/share/py_topic/hook/ament_prefix_path.ps1'
[0.821s] INFO:colcon.colcon_core.shell:Creating environment descriptor '/home/rockey/ros2_ws/install/py_topic/share/py_topic/hook/ament_prefix_path.dsv'
[0.822s] INFO:colcon.colcon_core.shell:Creating environment hook '/home/rockey/ros2_ws/install/py_topic/share/py_topic/hook/ament_prefix_path.sh'
[0.825s] INFO:colcon.colcon_core.shell:Skip shell extension 'powershell' for command environment: Not usable outside of PowerShell
[0.825s] DEBUG:colcon.colcon_core.shell:Skip shell extension 'dsv' for command environment
[0.834s] DEBUG:colcon.colcon_core.shell:Ignoring prefix path '/opt/ros/foxy'
[1.368s] INFO:colcon.colcon_core.task.python.build:Building Python package in '/home/rockey/ros2_ws/src/py_topic'
[1.370s] INFO:colcon.colcon_core.shell:Skip shell extension 'powershell' for command environment: Not usable outside of PowerShell
[1.370s] DEBUG:colcon.colcon_core.shell:Skip shell extension 'dsv' for command environment
[1.374s] DEBUG:colcon.colcon_core.shell:Ignoring prefix path '/opt/ros/foxy'
[1.388s] DEBUG:colcon.colcon_core.event_handler.log_command:Invoking command in '/home/rockey/ros2_ws/src/py_topic': PYTHONPATH=/home/rockey/ros2_ws/install/py_topic/lib/python3.8/site-packages:${PYTHONPATH} /usr/bin/python3 setup.py egg_info --egg-base ../../build/py_topic build --build-base /home/rockey/ros2_ws/build/py_topic/build install --prefix /home/rockey/ros2_ws/install/py_topic --record /home/rockey/ros2_ws/build/py_topic/install.log --single-version-externally-managed
[2.086s] Level 1:colcon.colcon_core.environment:checking '/home/rockey/ros2_ws/install/py_topic' for CMake module files
[2.088s] Level 1:colcon.colcon_core.environment:checking '/home/rockey/ros2_ws/install/py_topic' for CMake config files
[2.089s] Level 1:colcon.colcon_core.environment:checking '/home/rockey/ros2_ws/install/py_topic/lib'
[2.090s] Level 1:colcon.colcon_core.environment:checking '/home/rockey/ros2_ws/install/py_topic/bin'
[2.090s] Level 1:colcon.colcon_core.environment:checking '/home/rockey/ros2_ws/install/py_topic/lib/pkgconfig/py_topic.pc'
[2.090s] Level 1:colcon.colcon_core.environment:checking '/home/rockey/ros2_ws/install/py_topic/lib/python3.8/site-packages'
[2.090s] Level 1:colcon.colcon_core.shell:create_environment_hook('py_topic', 'pythonpath')
[2.091s] INFO:colcon.colcon_core.shell:Creating environment hook '/home/rockey/ros2_ws/install/py_topic/share/py_topic/hook/pythonpath.ps1'
[2.093s] INFO:colcon.colcon_core.shell:Creating environment descriptor '/home/rockey/ros2_ws/install/py_topic/share/py_topic/hook/pythonpath.dsv'
[2.094s] DEBUG:colcon.colcon_core.event_handler.log_command:Invoked command in '/home/rockey/ros2_ws/src/py_topic' returned '0': PYTHONPATH=/home/rockey/ros2_ws/install/py_topic/lib/python3.8/site-packages:${PYTHONPATH} /usr/bin/python3 setup.py egg_info --egg-base ../../build/py_topic build --build-base /home/rockey/ros2_ws/build/py_topic/build install --prefix /home/rockey/ros2_ws/install/py_topic --record /home/rockey/ros2_ws/build/py_topic/install.log --single-version-externally-managed
[2.094s] INFO:colcon.colcon_core.shell:Creating environment hook '/home/rockey/ros2_ws/install/py_topic/share/py_topic/hook/pythonpath.sh'
[2.096s] Level 1:colcon.colcon_core.environment:create_environment_scripts_only(py_topic)
[2.098s] INFO:colcon.colcon_core.shell:Creating package script '/home/rockey/ros2_ws/install/py_topic/share/py_topic/package.ps1'
[2.100s] INFO:colcon.colcon_core.shell:Creating package descriptor '/home/rockey/ros2_ws/install/py_topic/share/py_topic/package.dsv'
[2.102s] INFO:colcon.colcon_core.shell:Creating package script '/home/rockey/ros2_ws/install/py_topic/share/py_topic/package.sh'
[2.104s] INFO:colcon.colcon_core.shell:Creating package script '/home/rockey/ros2_ws/install/py_topic/share/py_topic/package.bash'
[2.106s] INFO:colcon.colcon_core.shell:Creating package script '/home/rockey/ros2_ws/install/py_topic/share/py_topic/package.zsh'
[2.108s] Level 1:colcon.colcon_core.environment:create_file_with_runtime_dependencies(/home/rockey/ros2_ws/install/py_topic/share/colcon-core/packages/py_topic)
[2.109s] DEBUG:colcon.colcon_parallel_executor.executor.parallel:closing loop
[2.110s] DEBUG:colcon.colcon_parallel_executor.executor.parallel:loop closed
[2.110s] DEBUG:colcon.colcon_parallel_executor.executor.parallel:run_until_complete finished with '0'
[2.110s] DEBUG:colcon.colcon_core.event_reactor:joining thread
[2.129s] INFO:colcon.colcon_core.plugin_system:Skipping extension 'colcon_notification.desktop_notification.terminal_notifier': Not used on non-Darwin systems
[2.129s] INFO:colcon.colcon_core.plugin_system:Skipping extension 'colcon_notification.desktop_notification.win32': Not used on non-Windows systems
[2.130s] INFO:colcon.colcon_notification.desktop_notification:Sending desktop notification using 'notify2'
[2.160s] DEBUG:colcon.colcon_core.event_reactor:joined thread
[2.161s] INFO:colcon.colcon_core.shell:Creating prefix script '/home/rockey/ros2_ws/install/local_setup.ps1'
[2.162s] INFO:colcon.colcon_core.shell:Creating prefix util module '/home/rockey/ros2_ws/install/_local_setup_util_ps1.py'
[2.165s] INFO:colcon.colcon_core.shell:Creating prefix chain script '/home/rockey/ros2_ws/install/setup.ps1'
[2.173s] INFO:colcon.colcon_core.shell:Creating prefix script '/home/rockey/ros2_ws/install/local_setup.sh'
[2.175s] INFO:colcon.colcon_core.shell:Creating prefix util module '/home/rockey/ros2_ws/install/_local_setup_util_sh.py'
[2.176s] INFO:colcon.colcon_core.shell:Creating prefix chain script '/home/rockey/ros2_ws/install/setup.sh'
[2.181s] INFO:colcon.colcon_core.shell:Creating prefix script '/home/rockey/ros2_ws/install/local_setup.bash'
[2.182s] INFO:colcon.colcon_core.shell:Creating prefix chain script '/home/rockey/ros2_ws/install/setup.bash'
[2.189s] INFO:colcon.colcon_core.shell:Creating prefix script '/home/rockey/ros2_ws/install/local_setup.zsh'
[2.190s] INFO:colcon.colcon_core.shell:Creating prefix chain script '/home/rockey/ros2_ws/install/setup.zsh'
