[3.417s] Invoking command in '/home/rockey/ros2_ws/src/py_topic': PYTHONPATH=/home/rockey/ros2_ws/install/py_topic/lib/python3.8/site-packages:${PYTHONPATH} /usr/bin/python3 setup.py egg_info --egg-base ../../build/py_topic build --build-base /home/rockey/ros2_ws/build/py_topic/build install --prefix /home/rockey/ros2_ws/install/py_topic --record /home/rockey/ros2_ws/build/py_topic/install.log --single-version-externally-managed
[4.313s] running egg_info
[4.315s] writing ../../build/py_topic/py_topic.egg-info/PKG-INFO
[4.316s] writing dependency_links to ../../build/py_topic/py_topic.egg-info/dependency_links.txt
[4.318s] writing entry points to ../../build/py_topic/py_topic.egg-info/entry_points.txt
[4.319s] writing requirements to ../../build/py_topic/py_topic.egg-info/requires.txt
[4.319s] writing top-level names to ../../build/py_topic/py_topic.egg-info/top_level.txt
[4.498s] reading manifest file '../../build/py_topic/py_topic.egg-info/SOURCES.txt'
[4.502s] writing manifest file '../../build/py_topic/py_topic.egg-info/SOURCES.txt'
[4.502s] running build
[4.503s] running build_py
[4.505s] running install
[4.507s] running install_lib
[4.518s] running install_data
[4.527s] running install_egg_info
[4.534s] removing '/home/rockey/ros2_ws/install/py_topic/lib/python3.8/site-packages/py_topic-0.0.0-py3.8.egg-info' (and everything under it)
[4.534s] Copying ../../build/py_topic/py_topic.egg-info to /home/rockey/ros2_ws/install/py_topic/lib/python3.8/site-packages/py_topic-0.0.0-py3.8.egg-info
[4.540s] running install_scripts
[4.630s] Installing py_pub_spiral script to /home/rockey/ros2_ws/install/py_topic/lib/py_topic
[4.636s] Installing py_sub_spiral script to /home/rockey/ros2_ws/install/py_topic/lib/py_topic
[4.637s] writing list of installed files to '/home/rockey/ros2_ws/build/py_topic/install.log'
[4.786s] Invoked command in '/home/rockey/ros2_ws/src/py_topic' returned '0': PYTHONPATH=/home/rockey/ros2_ws/install/py_topic/lib/python3.8/site-packages:${PYTHONPATH} /usr/bin/python3 setup.py egg_info --egg-base ../../build/py_topic build --build-base /home/rockey/ros2_ws/build/py_topic/build install --prefix /home/rockey/ros2_ws/install/py_topic --record /home/rockey/ros2_ws/build/py_topic/install.log --single-version-externally-managed
