[0.321s] Invoking command in '/home/rockey/ros2_ws/src/py_topic': PYTHONPATH=/home/rockey/ros2_ws/install/py_topic/lib/python3.8/site-packages:${PYTHONPATH} /usr/bin/python3 setup.py egg_info --egg-base ../../build/py_topic build --build-base /home/rockey/ros2_ws/build/py_topic/build install --prefix /home/rockey/ros2_ws/install/py_topic --record /home/rockey/ros2_ws/build/py_topic/install.log --single-version-externally-managed
[0.594s] running egg_info
[0.595s] writing ../../build/py_topic/py_topic.egg-info/PKG-INFO
[0.595s] writing dependency_links to ../../build/py_topic/py_topic.egg-info/dependency_links.txt
[0.595s] writing entry points to ../../build/py_topic/py_topic.egg-info/entry_points.txt
[0.596s] writing requirements to ../../build/py_topic/py_topic.egg-info/requires.txt
[0.596s] writing top-level names to ../../build/py_topic/py_topic.egg-info/top_level.txt
[0.640s] reading manifest file '../../build/py_topic/py_topic.egg-info/SOURCES.txt'
[0.642s] writing manifest file '../../build/py_topic/py_topic.egg-info/SOURCES.txt'
[0.642s] running build
[0.642s] running build_py
[0.642s] copying py_topic/py_sub_spiral.py -> /home/rockey/ros2_ws/build/py_topic/build/lib/py_topic
[0.643s] running install
[0.644s] running install_lib
[0.645s] copying /home/rockey/ros2_ws/build/py_topic/build/lib/py_topic/py_sub_spiral.py -> /home/rockey/ros2_ws/install/py_topic/lib/python3.8/site-packages/py_topic
[0.646s] byte-compiling /home/rockey/ros2_ws/install/py_topic/lib/python3.8/site-packages/py_topic/py_sub_spiral.py to py_sub_spiral.cpython-38.pyc
[0.648s] Sorry: IndentationError: unexpected indent (py_sub_spiral.py, line 42)
[0.648s] running install_data
[0.648s] running install_egg_info
[0.650s] removing '/home/rockey/ros2_ws/install/py_topic/lib/python3.8/site-packages/py_topic-0.0.0-py3.8.egg-info' (and everything under it)
[0.651s] Copying ../../build/py_topic/py_topic.egg-info to /home/rockey/ros2_ws/install/py_topic/lib/python3.8/site-packages/py_topic-0.0.0-py3.8.egg-info
[0.652s] running install_scripts
[0.673s] Installing py_pub_spiral script to /home/rockey/ros2_ws/install/py_topic/lib/py_topic
[0.673s] Installing py_sub_spiral script to /home/rockey/ros2_ws/install/py_topic/lib/py_topic
[0.674s] writing list of installed files to '/home/rockey/ros2_ws/build/py_topic/install.log'
[0.704s] Invoked command in '/home/rockey/ros2_ws/src/py_topic' returned '0': PYTHONPATH=/home/rockey/ros2_ws/install/py_topic/lib/python3.8/site-packages:${PYTHONPATH} /usr/bin/python3 setup.py egg_info --egg-base ../../build/py_topic build --build-base /home/rockey/ros2_ws/build/py_topic/build install --prefix /home/rockey/ros2_ws/install/py_topic --record /home/rockey/ros2_ws/build/py_topic/install.log --single-version-externally-managed
